<?xml version="1.0" encoding="UTF-8"?>
<robot generator="Rebot 7.1 (Python 3.13.0 on win32)" generated="2024-10-18T14:02:47.352074" rpa="false" schemaversion="5">
<suite id="s1" name="InformaticsAutomation" source="C:\python-selenium\Robot-TestAtomation\InformaticsAutomation">
<suite id="s1-s1" name="Home page" source="C:\python-selenium\Robot-TestAtomation\InformaticsAutomation\Home_page.robot">
<test id="s1-s1-t1" name="User Logs in successfully" line="8">
<kw name="Given user opens Chrome browser with URL ${automation_url}" owner="keywords" source_name="user opens ${browser} browser with URL ${site_url}">
<kw name="open normal browser ${site_url} ${browser}" owner="Common" source_name="Open normal Browser ${site_url} ${browser}">
<kw name="Evaluate" owner="BuiltIn">
<msg time="2024-10-18T14:00:31.841481" level="INFO">${options} = &lt;selenium.webdriver.edge.options.Options object at 0x000001EAD9A11400&gt;</msg>
<var>${options}</var>
<arg>sys.modules['selenium.webdriver'].EdgeOptions()</arg>
<arg>sys, selenium.webdriver</arg>
<doc>Evaluates the given expression in Python and returns the result.</doc>
<status status="PASS" start="2024-10-18T14:00:31.840437" elapsed="0.001199"/>
</kw>
<kw name="Create Webdriver" owner="SeleniumLibrary">
<msg time="2024-10-18T14:00:31.842867" level="INFO">Creating an instance of the Chrome WebDriver.</msg>
<arg>${browser}</arg>
<arg>options=${options}</arg>
<doc>Creates an instance of Selenium WebDriver.</doc>
<status status="PASS" start="2024-10-18T14:00:31.842105" elapsed="8.374017"/>
</kw>
<kw name="Maximize Browser Window" owner="SeleniumLibrary">
<doc>Maximizes current browser window.</doc>
<status status="PASS" start="2024-10-18T14:00:40.216530" elapsed="2.115006"/>
</kw>
<kw name="Go To" owner="SeleniumLibrary">
<msg time="2024-10-18T14:00:42.332480" level="INFO">Opening url 'http://savannahinformatics.great-site.net/'</msg>
<arg>${site_url}</arg>
<doc>Navigates the current browser window to the provided ``url``.</doc>
<status status="PASS" start="2024-10-18T14:00:42.331950" elapsed="3.431149"/>
</kw>
<status status="PASS" start="2024-10-18T14:00:31.838130" elapsed="13.925322"/>
</kw>
<status status="PASS" start="2024-10-18T14:00:31.836867" elapsed="13.926807"/>
</kw>
<kw name="And user waits for 10sec" owner="keywords" source_name="user waits for ${time}">
<kw name="wait seconds ${time}" owner="Common" source_name="wait seconds ${time}">
<kw name="Sleep" owner="BuiltIn">
<msg time="2024-10-18T14:00:55.767062" level="INFO">Slept 10 seconds.</msg>
<arg>${time}</arg>
<doc>Pauses the test executed for the given time.</doc>
<status status="PASS" start="2024-10-18T14:00:45.766022" elapsed="10.001242"/>
</kw>
<status status="PASS" start="2024-10-18T14:00:45.765156" elapsed="10.002374"/>
</kw>
<status status="PASS" start="2024-10-18T14:00:45.764183" elapsed="10.003536"/>
</kw>
<kw name="And user enters user as user" owner="keywords" source_name="user enters ${credentials} as ${credentialsfield}">
<kw name="enters field ${credentialsfield} enter ${credentials}" owner="Common" source_name="enters field ${credentialsfield} enter ${credentials}">
<kw name="Input Text" owner="SeleniumLibrary">
<msg time="2024-10-18T14:00:55.772724" level="INFO">Typing text 'user' into text field '//input[@*='user']|//textarea[@*='user']|//select[@*='user']|//select[@id='user']'.</msg>
<arg>//input[@*='${credentialsfield}']|//textarea[@*='${credentialsfield}']|//select[@*='${credentialsfield}']|//select[@id='${credentialsfield}']</arg>
<arg>${credentials}</arg>
<doc>Types the given ``text`` into the text field identified by ``locator``.</doc>
<status status="PASS" start="2024-10-18T14:00:55.770330" elapsed="0.194091"/>
</kw>
<status status="PASS" start="2024-10-18T14:00:55.769271" elapsed="0.195469"/>
</kw>
<tag>Login</tag>
<status status="PASS" start="2024-10-18T14:00:55.768230" elapsed="0.196674"/>
</kw>
<kw name="And user waits for 10sec" owner="keywords" source_name="user waits for ${time}">
<kw name="wait seconds ${time}" owner="Common" source_name="wait seconds ${time}">
<kw name="Sleep" owner="BuiltIn">
<msg time="2024-10-18T14:01:05.968647" level="INFO">Slept 10 seconds.</msg>
<arg>${time}</arg>
<doc>Pauses the test executed for the given time.</doc>
<status status="PASS" start="2024-10-18T14:00:55.967177" elapsed="10.001730"/>
</kw>
<status status="PASS" start="2024-10-18T14:00:55.966231" elapsed="10.002906"/>
</kw>
<status status="PASS" start="2024-10-18T14:00:55.965325" elapsed="10.003998"/>
</kw>
<kw name="And user enters user as pass" owner="keywords" source_name="user enters ${credentials} as ${credentialsfield}">
<kw name="enters field ${credentialsfield} enter ${credentials}" owner="Common" source_name="enters field ${credentialsfield} enter ${credentials}">
<kw name="Input Text" owner="SeleniumLibrary">
<msg time="2024-10-18T14:01:05.972974" level="INFO">Typing text 'user' into text field '//input[@*='pass']|//textarea[@*='pass']|//select[@*='pass']|//select[@id='pass']'.</msg>
<arg>//input[@*='${credentialsfield}']|//textarea[@*='${credentialsfield}']|//select[@*='${credentialsfield}']|//select[@id='${credentialsfield}']</arg>
<arg>${credentials}</arg>
<doc>Types the given ``text`` into the text field identified by ``locator``.</doc>
<status status="PASS" start="2024-10-18T14:01:05.971811" elapsed="0.172614"/>
</kw>
<status status="PASS" start="2024-10-18T14:01:05.970810" elapsed="0.173884"/>
</kw>
<tag>Login</tag>
<status status="PASS" start="2024-10-18T14:01:05.969825" elapsed="0.175052"/>
</kw>
<kw name="And user clicks button login" owner="keywords" source_name="user clicks button ${buttonName}">
<kw name="click button ${buttonName}" owner="Common" source_name="click button ${buttonName}">
<kw name="Click Element" owner="SeleniumLibrary">
<msg time="2024-10-18T14:01:06.148417" level="INFO">Clicking element '//a[text()='login']|//button[@*='login']|//a[normalize-space()='login']|//input[@*='login']|//button[text()='login']|//span[normalize-space()='login']|//div[@*='login']'.</msg>
<arg>//a[text()='${buttonName}']|//button[@*='${buttonName}']|//a[normalize-space()='${buttonName}']|//input[@*='${buttonName}']|//button[text()='${buttonName}']|//span[normalize-space()='${buttonName}']|//div[@*='${buttonName}']</arg>
<doc>Click the element identified by ``locator``.</doc>
<status status="PASS" start="2024-10-18T14:01:06.147395" elapsed="1.778048"/>
</kw>
<status status="PASS" start="2024-10-18T14:01:06.146493" elapsed="1.779215"/>
</kw>
<status status="PASS" start="2024-10-18T14:01:06.145415" elapsed="1.780473"/>
</kw>
<kw name="And user waits for 10sec" owner="keywords" source_name="user waits for ${time}">
<kw name="wait seconds ${time}" owner="Common" source_name="wait seconds ${time}">
<kw name="Sleep" owner="BuiltIn">
<msg time="2024-10-18T14:01:17.929213" level="INFO">Slept 10 seconds.</msg>
<arg>${time}</arg>
<doc>Pauses the test executed for the given time.</doc>
<status status="PASS" start="2024-10-18T14:01:07.927893" elapsed="10.001566"/>
</kw>
<status status="PASS" start="2024-10-18T14:01:07.927133" elapsed="10.002651"/>
</kw>
<status status="PASS" start="2024-10-18T14:01:07.926303" elapsed="10.003677"/>
</kw>
<kw name="Then user waits until Welcome to Our Travel Blog is visible" owner="keywords" source_name="user waits until ${Text} is visible">
<kw name="wait for visibility ${Text}" owner="Common" source_name="wait for visibility ${Text}">
<kw name="Wait Until Page Contains Element" owner="SeleniumLibrary">
<arg>//*[text()='${Text}']|//*[normalize-space()='${Text}']|//*[@id='${Text}']|//i[@class='${Text}']</arg>
<arg>100</arg>
<arg>none</arg>
<doc>Waits until the element ``locator`` appears on the current page.</doc>
<status status="PASS" start="2024-10-18T14:01:17.932038" elapsed="0.023330"/>
</kw>
<status status="PASS" start="2024-10-18T14:01:17.931310" elapsed="0.024341"/>
</kw>
<status status="PASS" start="2024-10-18T14:01:17.930474" elapsed="0.025346"/>
</kw>
<status status="PASS" start="2024-10-18T14:00:31.835181" elapsed="46.120939"/>
</test>
<test id="s1-s1-t2" name="Navigate to Home Page" line="20">
<kw name="When user clicks link Home" owner="keywords" source_name="user clicks link ${linkName}">
<kw name="clicks link ${linkName}" owner="Common" source_name="clicks link ${linkName}">
<kw name="Click Element" owner="SeleniumLibrary">
<msg time="2024-10-18T14:01:17.960306" level="INFO">Clicking element '//a[@*='Home']|//a[normalize-space()='Home']'.</msg>
<arg>//a[@*='${linkName}']|//a[normalize-space()='${linkName}']</arg>
<doc>Click the element identified by ``locator``.</doc>
<status status="PASS" start="2024-10-18T14:01:17.959775" elapsed="0.340219"/>
</kw>
<status status="PASS" start="2024-10-18T14:01:17.958846" elapsed="0.341407"/>
</kw>
<status status="PASS" start="2024-10-18T14:01:17.958096" elapsed="0.342356"/>
</kw>
<kw name="And user waits for 10sec" owner="keywords" source_name="user waits for ${time}">
<kw name="wait seconds ${time}" owner="Common" source_name="wait seconds ${time}">
<kw name="Sleep" owner="BuiltIn">
<msg time="2024-10-18T14:01:28.303390" level="INFO">Slept 10 seconds.</msg>
<arg>${time}</arg>
<doc>Pauses the test executed for the given time.</doc>
<status status="PASS" start="2024-10-18T14:01:18.302613" elapsed="10.001008"/>
</kw>
<status status="PASS" start="2024-10-18T14:01:18.301665" elapsed="10.002238"/>
</kw>
<status status="PASS" start="2024-10-18T14:01:18.300841" elapsed="10.003232"/>
</kw>
<kw name="Then user waits until Welcome to Our Travel Blog is visible" owner="keywords" source_name="user waits until ${Text} is visible">
<kw name="wait for visibility ${Text}" owner="Common" source_name="wait for visibility ${Text}">
<kw name="Wait Until Page Contains Element" owner="SeleniumLibrary">
<arg>//*[text()='${Text}']|//*[normalize-space()='${Text}']|//*[@id='${Text}']|//i[@class='${Text}']</arg>
<arg>100</arg>
<arg>none</arg>
<doc>Waits until the element ``locator`` appears on the current page.</doc>
<status status="PASS" start="2024-10-18T14:01:28.306418" elapsed="0.029844"/>
</kw>
<status status="PASS" start="2024-10-18T14:01:28.305454" elapsed="0.031056"/>
</kw>
<status status="PASS" start="2024-10-18T14:01:28.304563" elapsed="0.032113"/>
</kw>
<kw name="And user waits for 10sec" owner="keywords" source_name="user waits for ${time}">
<kw name="wait seconds ${time}" owner="Common" source_name="wait seconds ${time}">
<kw name="Sleep" owner="BuiltIn">
<msg time="2024-10-18T14:01:38.339498" level="INFO">Slept 10 seconds.</msg>
<arg>${time}</arg>
<doc>Pauses the test executed for the given time.</doc>
<status status="PASS" start="2024-10-18T14:01:28.338777" elapsed="10.000972"/>
</kw>
<status status="PASS" start="2024-10-18T14:01:28.337974" elapsed="10.002052"/>
</kw>
<status status="PASS" start="2024-10-18T14:01:28.337095" elapsed="10.003127"/>
</kw>
<kw name="And verify data exists Adventure Awaits" owner="keywords" source_name="verify data exists ${data}">
<kw name="verify exists ${data}" owner="Common" source_name="verify exists ${data}">
<kw name="Page Should Contain Element" owner="SeleniumLibrary">
<msg time="2024-10-18T14:01:38.367638" level="INFO">Current page contains element '//span[normalize-space()="Adventure Awaits"]|//*[text()="Adventure Awaits"]'.</msg>
<arg>//span[normalize-space()="${data}"]|//*[text()="${data}"]</arg>
<doc>Verifies that element ``locator`` is found on the current page.</doc>
<status status="PASS" start="2024-10-18T14:01:38.342706" elapsed="0.025140"/>
</kw>
<status status="PASS" start="2024-10-18T14:01:38.341654" elapsed="0.026458"/>
</kw>
<status status="PASS" start="2024-10-18T14:01:38.340709" elapsed="0.027631"/>
</kw>
<status status="PASS" start="2024-10-18T14:01:17.956839" elapsed="20.411875"/>
</test>
<test id="s1-s1-t3" name="Navigate to User Page" line="29">
<kw name="When user clicks link User" owner="keywords" source_name="user clicks link ${linkName}">
<kw name="clicks link ${linkName}" owner="Common" source_name="clicks link ${linkName}">
<kw name="Click Element" owner="SeleniumLibrary">
<msg time="2024-10-18T14:01:38.373175" level="INFO">Clicking element '//a[@*='User']|//a[normalize-space()='User']'.</msg>
<arg>//a[@*='${linkName}']|//a[normalize-space()='${linkName}']</arg>
<doc>Click the element identified by ``locator``.</doc>
<status status="PASS" start="2024-10-18T14:01:38.372379" elapsed="1.465567"/>
</kw>
<status status="PASS" start="2024-10-18T14:01:38.371408" elapsed="1.466783"/>
</kw>
<status status="PASS" start="2024-10-18T14:01:38.370410" elapsed="1.467944"/>
</kw>
<kw name="And user waits for 10sec" owner="keywords" source_name="user waits for ${time}">
<kw name="wait seconds ${time}" owner="Common" source_name="wait seconds ${time}">
<kw name="Sleep" owner="BuiltIn">
<msg time="2024-10-18T14:01:49.841885" level="INFO">Slept 10 seconds.</msg>
<arg>${time}</arg>
<doc>Pauses the test executed for the given time.</doc>
<status status="PASS" start="2024-10-18T14:01:39.840451" elapsed="10.001695"/>
</kw>
<status status="PASS" start="2024-10-18T14:01:39.839632" elapsed="10.002764"/>
</kw>
<status status="PASS" start="2024-10-18T14:01:39.838768" elapsed="10.003811"/>
</kw>
<kw name="Then user waits until Get in Touch is visible" owner="keywords" source_name="user waits until ${Text} is visible">
<kw name="wait for visibility ${Text}" owner="Common" source_name="wait for visibility ${Text}">
<kw name="Wait Until Page Contains Element" owner="SeleniumLibrary">
<arg>//*[text()='${Text}']|//*[normalize-space()='${Text}']|//*[@id='${Text}']|//i[@class='${Text}']</arg>
<arg>100</arg>
<arg>none</arg>
<doc>Waits until the element ``locator`` appears on the current page.</doc>
<status status="PASS" start="2024-10-18T14:01:49.844884" elapsed="0.019769"/>
</kw>
<status status="PASS" start="2024-10-18T14:01:49.843995" elapsed="0.020981"/>
</kw>
<status status="PASS" start="2024-10-18T14:01:49.843030" elapsed="0.022130"/>
</kw>
<kw name="And user waits for 10sec" owner="keywords" source_name="user waits for ${time}">
<kw name="wait seconds ${time}" owner="Common" source_name="wait seconds ${time}">
<kw name="Sleep" owner="BuiltIn">
<msg time="2024-10-18T14:01:59.868583" level="INFO">Slept 10 seconds.</msg>
<arg>${time}</arg>
<doc>Pauses the test executed for the given time.</doc>
<status status="PASS" start="2024-10-18T14:01:49.867274" elapsed="10.001549"/>
</kw>
<status status="PASS" start="2024-10-18T14:01:49.866445" elapsed="10.002643"/>
</kw>
<status status="PASS" start="2024-10-18T14:01:49.865575" elapsed="10.003709"/>
</kw>
<kw name="And verify data exists If you have any questions, comments, or just want to say hello, please don't hesitate to reach out to us. We'd love to hear from you!" owner="keywords" source_name="verify data exists ${data}">
<kw name="verify exists ${data}" owner="Common" source_name="verify exists ${data}">
<kw name="Page Should Contain Element" owner="SeleniumLibrary">
<msg time="2024-10-18T14:01:59.916550" level="INFO">Current page contains element '//span[normalize-space()="If you have any questions, comments, or just want to say hello, please don't hesitate to reach out to us. We'd love to hear from you!"]|//*[text()="If you have any questions, comments, or just want to say hello, please don't hesitate to reach out to us. We'd love to hear from you!"]'.</msg>
<arg>//span[normalize-space()="${data}"]|//*[text()="${data}"]</arg>
<doc>Verifies that element ``locator`` is found on the current page.</doc>
<status status="PASS" start="2024-10-18T14:01:59.872779" elapsed="0.043962"/>
</kw>
<status status="PASS" start="2024-10-18T14:01:59.871722" elapsed="0.045258"/>
</kw>
<status status="PASS" start="2024-10-18T14:01:59.869818" elapsed="0.047335"/>
</kw>
<status status="PASS" start="2024-10-18T14:01:38.369406" elapsed="21.548048"/>
</test>
<test id="s1-s1-t4" name="Navigate to Album Page" line="36">
<kw name="When user clicks link Album" owner="keywords" source_name="user clicks link ${linkName}">
<kw name="clicks link ${linkName}" owner="Common" source_name="clicks link ${linkName}">
<kw name="Click Element" owner="SeleniumLibrary">
<msg time="2024-10-18T14:01:59.921197" level="INFO">Clicking element '//a[@*='Album']|//a[normalize-space()='Album']'.</msg>
<arg>//a[@*='${linkName}']|//a[normalize-space()='${linkName}']</arg>
<doc>Click the element identified by ``locator``.</doc>
<status status="PASS" start="2024-10-18T14:01:59.920501" elapsed="3.468118"/>
</kw>
<status status="PASS" start="2024-10-18T14:01:59.919679" elapsed="3.469216"/>
</kw>
<status status="PASS" start="2024-10-18T14:01:59.918860" elapsed="3.470232"/>
</kw>
<kw name="And user waits for 10sec" owner="keywords" source_name="user waits for ${time}">
<kw name="wait seconds ${time}" owner="Common" source_name="wait seconds ${time}">
<kw name="Sleep" owner="BuiltIn">
<msg time="2024-10-18T14:02:13.392703" level="INFO">Slept 10 seconds.</msg>
<arg>${time}</arg>
<doc>Pauses the test executed for the given time.</doc>
<status status="PASS" start="2024-10-18T14:02:03.391411" elapsed="10.001464"/>
</kw>
<status status="PASS" start="2024-10-18T14:02:03.390528" elapsed="10.002497"/>
</kw>
<status status="PASS" start="2024-10-18T14:02:03.389564" elapsed="10.003554"/>
</kw>
<kw name="Then user waits until Introduction is visible" owner="keywords" source_name="user waits until ${Text} is visible">
<kw name="wait for visibility ${Text}" owner="Common" source_name="wait for visibility ${Text}">
<kw name="Wait Until Page Contains Element" owner="SeleniumLibrary">
<arg>//*[text()='${Text}']|//*[normalize-space()='${Text}']|//*[@id='${Text}']|//i[@class='${Text}']</arg>
<arg>100</arg>
<arg>none</arg>
<doc>Waits until the element ``locator`` appears on the current page.</doc>
<status status="PASS" start="2024-10-18T14:02:13.394596" elapsed="0.019584"/>
</kw>
<status status="PASS" start="2024-10-18T14:02:13.394074" elapsed="0.020393"/>
</kw>
<status status="PASS" start="2024-10-18T14:02:13.393410" elapsed="0.021221"/>
</kw>
<kw name="And user waits for 10sec" owner="keywords" source_name="user waits for ${time}">
<kw name="wait seconds ${time}" owner="Common" source_name="wait seconds ${time}">
<kw name="Sleep" owner="BuiltIn">
<msg time="2024-10-18T14:02:23.418097" level="INFO">Slept 10 seconds.</msg>
<arg>${time}</arg>
<doc>Pauses the test executed for the given time.</doc>
<status status="PASS" start="2024-10-18T14:02:13.416693" elapsed="10.001658"/>
</kw>
<status status="PASS" start="2024-10-18T14:02:13.415900" elapsed="10.002622"/>
</kw>
<status status="PASS" start="2024-10-18T14:02:13.414997" elapsed="10.003633"/>
</kw>
<kw name="And verify data exists Visual Elements" owner="keywords" source_name="verify data exists ${data}">
<kw name="verify exists ${data}" owner="Common" source_name="verify exists ${data}">
<kw name="Page Should Contain Element" owner="SeleniumLibrary">
<msg time="2024-10-18T14:02:23.438376" level="INFO">Current page contains element '//span[normalize-space()="Visual Elements"]|//*[text()="Visual Elements"]'.</msg>
<arg>//span[normalize-space()="${data}"]|//*[text()="${data}"]</arg>
<doc>Verifies that element ``locator`` is found on the current page.</doc>
<status status="PASS" start="2024-10-18T14:02:23.420082" elapsed="0.018413"/>
</kw>
<status status="PASS" start="2024-10-18T14:02:23.419496" elapsed="0.019141"/>
</kw>
<status status="PASS" start="2024-10-18T14:02:23.418922" elapsed="0.019808"/>
</kw>
<status status="PASS" start="2024-10-18T14:01:59.918040" elapsed="23.520870"/>
</test>
<test id="s1-s1-t5" name="Navigate to Photo Page" line="43">
<kw name="When user clicks link Photo" owner="keywords" source_name="user clicks link ${linkName}">
<kw name="clicks link ${linkName}" owner="Common" source_name="clicks link ${linkName}">
<kw name="Click Element" owner="SeleniumLibrary">
<msg time="2024-10-18T14:02:23.441407" level="INFO">Clicking element '//a[@*='Photo']|//a[normalize-space()='Photo']'.</msg>
<arg>//a[@*='${linkName}']|//a[normalize-space()='${linkName}']</arg>
<doc>Click the element identified by ``locator``.</doc>
<status status="PASS" start="2024-10-18T14:02:23.440974" elapsed="0.392952"/>
</kw>
<status status="PASS" start="2024-10-18T14:02:23.440421" elapsed="0.393733"/>
</kw>
<status status="PASS" start="2024-10-18T14:02:23.439750" elapsed="0.394554"/>
</kw>
<kw name="And user waits for 10sec" owner="keywords" source_name="user waits for ${time}">
<kw name="wait seconds ${time}" owner="Common" source_name="wait seconds ${time}">
<kw name="Sleep" owner="BuiltIn">
<msg time="2024-10-18T14:02:33.837178" level="INFO">Slept 10 seconds.</msg>
<arg>${time}</arg>
<doc>Pauses the test executed for the given time.</doc>
<status status="PASS" start="2024-10-18T14:02:23.836026" elapsed="10.001301"/>
</kw>
<status status="PASS" start="2024-10-18T14:02:23.835383" elapsed="10.002103"/>
</kw>
<status status="PASS" start="2024-10-18T14:02:23.834662" elapsed="10.002911"/>
</kw>
<kw name="Then user waits until Relax and Unwind is visible" owner="keywords" source_name="user waits until ${Text} is visible">
<kw name="wait for visibility ${Text}" owner="Common" source_name="wait for visibility ${Text}">
<kw name="Wait Until Page Contains Element" owner="SeleniumLibrary">
<arg>//*[text()='${Text}']|//*[normalize-space()='${Text}']|//*[@id='${Text}']|//i[@class='${Text}']</arg>
<arg>100</arg>
<arg>none</arg>
<doc>Waits until the element ``locator`` appears on the current page.</doc>
<status status="PASS" start="2024-10-18T14:02:33.839197" elapsed="0.021484"/>
</kw>
<status status="PASS" start="2024-10-18T14:02:33.838548" elapsed="0.022299"/>
</kw>
<status status="PASS" start="2024-10-18T14:02:33.837855" elapsed="0.023114"/>
</kw>
<kw name="And user waits for 10sec" owner="keywords" source_name="user waits for ${time}">
<kw name="wait seconds ${time}" owner="Common" source_name="wait seconds ${time}">
<kw name="Sleep" owner="BuiltIn">
<msg time="2024-10-18T14:02:43.864394" level="INFO">Slept 10 seconds.</msg>
<arg>${time}</arg>
<doc>Pauses the test executed for the given time.</doc>
<status status="PASS" start="2024-10-18T14:02:33.862280" elapsed="10.002371"/>
</kw>
<status status="PASS" start="2024-10-18T14:02:33.861778" elapsed="10.003163"/>
</kw>
<status status="PASS" start="2024-10-18T14:02:33.861211" elapsed="10.003933"/>
</kw>
<kw name="And verify data exists Experience the thrill of traveling to unknown territories." owner="keywords" source_name="verify data exists ${data}">
<kw name="verify exists ${data}" owner="Common" source_name="verify exists ${data}">
<kw name="Page Should Contain Element" owner="SeleniumLibrary">
<msg time="2024-10-18T14:02:43.920877" level="INFO">Current page contains element '//span[normalize-space()="Experience the thrill of traveling to unknown territories."]|//*[text()="Experience the thrill of traveling to unknown territories."]'.</msg>
<arg>//span[normalize-space()="${data}"]|//*[text()="${data}"]</arg>
<doc>Verifies that element ``locator`` is found on the current page.</doc>
<status status="PASS" start="2024-10-18T14:02:43.867432" elapsed="0.053617"/>
</kw>
<status status="PASS" start="2024-10-18T14:02:43.866555" elapsed="0.054672"/>
</kw>
<status status="PASS" start="2024-10-18T14:02:43.865652" elapsed="0.055690"/>
</kw>
<status status="PASS" start="2024-10-18T14:02:23.439246" elapsed="20.482300"/>
</test>
<doc>Login Feature</doc>
<status status="PASS" start="2024-10-18T14:00:30.864000" elapsed="133.058178"/>
</suite>
<suite id="s1-s2" name="Search functionality" source="C:\python-selenium\Robot-TestAtomation\InformaticsAutomation\Search_functionality.robot">
<test id="s1-s2-t1" name="User Searches a product successfully" line="8">
<kw name="Given user opens Chrome browser with URL ${search_url}" owner="keywords" source_name="user opens ${browser} browser with URL ${site_url}">
<kw name="open normal browser ${site_url} ${browser}" owner="Common" source_name="Open normal Browser ${site_url} ${browser}">
<kw name="Evaluate" owner="BuiltIn">
<msg time="2024-10-18T14:00:31.696912" level="INFO">${options} = &lt;selenium.webdriver.edge.options.Options object at 0x000001E2ECAD12B0&gt;</msg>
<var>${options}</var>
<arg>sys.modules['selenium.webdriver'].EdgeOptions()</arg>
<arg>sys, selenium.webdriver</arg>
<doc>Evaluates the given expression in Python and returns the result.</doc>
<status status="PASS" start="2024-10-18T14:00:31.696095" elapsed="0.000921"/>
</kw>
<kw name="Create Webdriver" owner="SeleniumLibrary">
<msg time="2024-10-18T14:00:31.698049" level="INFO">Creating an instance of the Chrome WebDriver.</msg>
<arg>${browser}</arg>
<arg>options=${options}</arg>
<doc>Creates an instance of Selenium WebDriver.</doc>
<status status="PASS" start="2024-10-18T14:00:31.697439" elapsed="4.187645"/>
</kw>
<kw name="Maximize Browser Window" owner="SeleniumLibrary">
<doc>Maximizes current browser window.</doc>
<status status="PASS" start="2024-10-18T14:00:35.885699" elapsed="0.150093"/>
</kw>
<kw name="Go To" owner="SeleniumLibrary">
<msg time="2024-10-18T14:00:36.036730" level="INFO">Opening url 'https://automationexercise.com/products'</msg>
<arg>${site_url}</arg>
<doc>Navigates the current browser window to the provided ``url``.</doc>
<status status="PASS" start="2024-10-18T14:00:36.036180" elapsed="11.221428"/>
</kw>
<status status="PASS" start="2024-10-18T14:00:31.694208" elapsed="15.563725"/>
</kw>
<status status="PASS" start="2024-10-18T14:00:31.693018" elapsed="15.565177"/>
</kw>
<kw name="And user waits for 10sec" owner="keywords" source_name="user waits for ${time}">
<kw name="wait seconds ${time}" owner="Common" source_name="wait seconds ${time}">
<kw name="Sleep" owner="BuiltIn">
<msg time="2024-10-18T14:00:57.262123" level="INFO">Slept 10 seconds.</msg>
<arg>${time}</arg>
<doc>Pauses the test executed for the given time.</doc>
<status status="PASS" start="2024-10-18T14:00:47.260812" elapsed="10.001567"/>
</kw>
<status status="PASS" start="2024-10-18T14:00:47.259761" elapsed="10.002902"/>
</kw>
<status status="PASS" start="2024-10-18T14:00:47.258695" elapsed="10.004167"/>
</kw>
<kw name="And user enters Blue Top as search" owner="keywords" source_name="user enters ${credentials} as ${credentialsfield}">
<kw name="enters field ${credentialsfield} enter ${credentials}" owner="Common" source_name="enters field ${credentialsfield} enter ${credentials}">
<kw name="Input Text" owner="SeleniumLibrary">
<msg time="2024-10-18T14:00:57.266776" level="INFO">Typing text 'Blue Top' into text field '//input[@*='search']|//textarea[@*='search']|//select[@*='search']|//select[@id='search']'.</msg>
<arg>//input[@*='${credentialsfield}']|//textarea[@*='${credentialsfield}']|//select[@*='${credentialsfield}']|//select[@id='${credentialsfield}']</arg>
<arg>${credentials}</arg>
<doc>Types the given ``text`` into the text field identified by ``locator``.</doc>
<status status="PASS" start="2024-10-18T14:00:57.265557" elapsed="0.279184"/>
</kw>
<status status="PASS" start="2024-10-18T14:00:57.264496" elapsed="0.280595"/>
</kw>
<tag>Login</tag>
<status status="PASS" start="2024-10-18T14:00:57.263410" elapsed="0.281873"/>
</kw>
<kw name="And user waits for 10sec" owner="keywords" source_name="user waits for ${time}">
<kw name="wait seconds ${time}" owner="Common" source_name="wait seconds ${time}">
<kw name="Sleep" owner="BuiltIn">
<msg time="2024-10-18T14:01:07.548885" level="INFO">Slept 10 seconds.</msg>
<arg>${time}</arg>
<doc>Pauses the test executed for the given time.</doc>
<status status="PASS" start="2024-10-18T14:00:57.547584" elapsed="10.001481"/>
</kw>
<status status="PASS" start="2024-10-18T14:00:57.546683" elapsed="10.002536"/>
</kw>
<status status="PASS" start="2024-10-18T14:00:57.545715" elapsed="10.003651"/>
</kw>
<kw name="And user clicks button submit_search" owner="keywords" source_name="user clicks button ${buttonName}">
<kw name="click button ${buttonName}" owner="Common" source_name="click button ${buttonName}">
<kw name="Click Element" owner="SeleniumLibrary">
<msg time="2024-10-18T14:01:07.553283" level="INFO">Clicking element '//a[text()='submit_search']|//button[@*='submit_search']|//a[normalize-space()='submit_search']|//input[@*='submit_search']|//button[text()='submit_search']|//span[normalize-space()='submit_search']|//div[@*='submit_search']'.</msg>
<arg>//a[text()='${buttonName}']|//button[@*='${buttonName}']|//a[normalize-space()='${buttonName}']|//input[@*='${buttonName}']|//button[text()='${buttonName}']|//span[normalize-space()='${buttonName}']|//div[@*='${buttonName}']</arg>
<doc>Click the element identified by ``locator``.</doc>
<status status="PASS" start="2024-10-18T14:01:07.551928" elapsed="3.006131"/>
</kw>
<status status="PASS" start="2024-10-18T14:01:07.550827" elapsed="3.007591"/>
</kw>
<status status="PASS" start="2024-10-18T14:01:07.549755" elapsed="3.008907"/>
</kw>
<kw name="And user waits for 10sec" owner="keywords" source_name="user waits for ${time}">
<kw name="wait seconds ${time}" owner="Common" source_name="wait seconds ${time}">
<kw name="Sleep" owner="BuiltIn">
<msg time="2024-10-18T14:01:20.561911" level="INFO">Slept 10 seconds.</msg>
<arg>${time}</arg>
<doc>Pauses the test executed for the given time.</doc>
<status status="PASS" start="2024-10-18T14:01:10.561128" elapsed="10.000948"/>
</kw>
<status status="PASS" start="2024-10-18T14:01:10.560194" elapsed="10.002047"/>
</kw>
<status status="PASS" start="2024-10-18T14:01:10.559216" elapsed="10.003141"/>
</kw>
<kw name="And verify data exists Blue Top" owner="keywords" source_name="verify data exists ${data}">
<kw name="verify exists ${data}" owner="Common" source_name="verify exists ${data}">
<kw name="Page Should Contain Element" owner="SeleniumLibrary">
<msg time="2024-10-18T14:01:20.584965" level="INFO">Current page contains element '//span[normalize-space()="Blue Top"]|//*[text()="Blue Top"]'.</msg>
<arg>//span[normalize-space()="${data}"]|//*[text()="${data}"]</arg>
<doc>Verifies that element ``locator`` is found on the current page.</doc>
<status status="PASS" start="2024-10-18T14:01:20.563864" elapsed="0.021238"/>
</kw>
<status status="PASS" start="2024-10-18T14:01:20.563312" elapsed="0.021923"/>
</kw>
<status status="PASS" start="2024-10-18T14:01:20.562677" elapsed="0.022648"/>
</kw>
<kw name="Then user waits until Blue Top is visible" owner="keywords" source_name="user waits until ${Text} is visible">
<kw name="wait for visibility ${Text}" owner="Common" source_name="wait for visibility ${Text}">
<kw name="Wait Until Page Contains Element" owner="SeleniumLibrary">
<arg>//*[text()='${Text}']|//*[normalize-space()='${Text}']|//*[@id='${Text}']|//i[@class='${Text}']</arg>
<arg>100</arg>
<arg>none</arg>
<doc>Waits until the element ``locator`` appears on the current page.</doc>
<status status="PASS" start="2024-10-18T14:01:20.587539" elapsed="0.021379"/>
</kw>
<status status="PASS" start="2024-10-18T14:01:20.586481" elapsed="0.022709"/>
</kw>
<status status="PASS" start="2024-10-18T14:01:20.585551" elapsed="0.023835"/>
</kw>
<status status="PASS" start="2024-10-18T14:00:31.691321" elapsed="48.918383"/>
</test>
<doc>Login Feature</doc>
<status status="PASS" start="2024-10-18T14:00:30.764439" elapsed="49.846478"/>
</suite>
<suite id="s1-s3" name="Successful login" source="C:\python-selenium\Robot-TestAtomation\InformaticsAutomation\Successful_login.robot">
<test id="s1-s3-t1" name="User Logs in successfully" line="8">
<kw name="Given user opens Chrome browser with URL ${automation_url}" owner="keywords" source_name="user opens ${browser} browser with URL ${site_url}">
<kw name="open normal browser ${site_url} ${browser}" owner="Common" source_name="Open normal Browser ${site_url} ${browser}">
<kw name="Evaluate" owner="BuiltIn">
<msg time="2024-10-18T14:00:32.029983" level="INFO">${options} = &lt;selenium.webdriver.edge.options.Options object at 0x000001AFBBE812B0&gt;</msg>
<var>${options}</var>
<arg>sys.modules['selenium.webdriver'].EdgeOptions()</arg>
<arg>sys, selenium.webdriver</arg>
<doc>Evaluates the given expression in Python and returns the result.</doc>
<status status="PASS" start="2024-10-18T14:00:32.026108" elapsed="0.004001"/>
</kw>
<kw name="Create Webdriver" owner="SeleniumLibrary">
<msg time="2024-10-18T14:00:32.031354" level="INFO">Creating an instance of the Chrome WebDriver.</msg>
<arg>${browser}</arg>
<arg>options=${options}</arg>
<doc>Creates an instance of Selenium WebDriver.</doc>
<status status="PASS" start="2024-10-18T14:00:32.030632" elapsed="6.356002"/>
</kw>
<kw name="Maximize Browser Window" owner="SeleniumLibrary">
<doc>Maximizes current browser window.</doc>
<status status="PASS" start="2024-10-18T14:00:38.387090" elapsed="3.099196"/>
</kw>
<kw name="Go To" owner="SeleniumLibrary">
<msg time="2024-10-18T14:00:41.487564" level="INFO">Opening url 'http://savannahinformatics.great-site.net/'</msg>
<arg>${site_url}</arg>
<doc>Navigates the current browser window to the provided ``url``.</doc>
<status status="PASS" start="2024-10-18T14:00:41.486664" elapsed="3.071725"/>
</kw>
<status status="PASS" start="2024-10-18T14:00:32.023655" elapsed="12.535227"/>
</kw>
<status status="PASS" start="2024-10-18T14:00:32.022186" elapsed="12.537163"/>
</kw>
<kw name="And user waits for 4sec" owner="keywords" source_name="user waits for ${time}">
<kw name="wait seconds ${time}" owner="Common" source_name="wait seconds ${time}">
<kw name="Sleep" owner="BuiltIn">
<msg time="2024-10-18T14:00:48.563780" level="INFO">Slept 4 seconds.</msg>
<arg>${time}</arg>
<doc>Pauses the test executed for the given time.</doc>
<status status="PASS" start="2024-10-18T14:00:44.562299" elapsed="4.001679"/>
</kw>
<status status="PASS" start="2024-10-18T14:00:44.561054" elapsed="4.003168"/>
</kw>
<status status="PASS" start="2024-10-18T14:00:44.559996" elapsed="4.004399"/>
</kw>
<kw name="And user enters user as user" owner="keywords" source_name="user enters ${credentials} as ${credentialsfield}">
<kw name="enters field ${credentialsfield} enter ${credentials}" owner="Common" source_name="enters field ${credentialsfield} enter ${credentials}">
<kw name="Input Text" owner="SeleniumLibrary">
<msg time="2024-10-18T14:00:48.567466" level="INFO">Typing text 'user' into text field '//input[@*='user']|//textarea[@*='user']|//select[@*='user']|//select[@id='user']'.</msg>
<arg>//input[@*='${credentialsfield}']|//textarea[@*='${credentialsfield}']|//select[@*='${credentialsfield}']|//select[@id='${credentialsfield}']</arg>
<arg>${credentials}</arg>
<doc>Types the given ``text`` into the text field identified by ``locator``.</doc>
<status status="PASS" start="2024-10-18T14:00:48.566442" elapsed="0.484169"/>
</kw>
<status status="PASS" start="2024-10-18T14:00:48.565655" elapsed="0.485307"/>
</kw>
<tag>Login</tag>
<status status="PASS" start="2024-10-18T14:00:48.564835" elapsed="0.486350"/>
</kw>
<kw name="And user waits for 4sec" owner="keywords" source_name="user waits for ${time}">
<kw name="wait seconds ${time}" owner="Common" source_name="wait seconds ${time}">
<kw name="Sleep" owner="BuiltIn">
<msg time="2024-10-18T14:00:53.056432" level="INFO">Slept 4 seconds.</msg>
<arg>${time}</arg>
<doc>Pauses the test executed for the given time.</doc>
<status status="PASS" start="2024-10-18T14:00:49.055114" elapsed="4.001569"/>
</kw>
<status status="PASS" start="2024-10-18T14:00:49.052632" elapsed="4.004322"/>
</kw>
<status status="PASS" start="2024-10-18T14:00:49.051655" elapsed="4.005524"/>
</kw>
<kw name="And user enters user as pass" owner="keywords" source_name="user enters ${credentials} as ${credentialsfield}">
<kw name="enters field ${credentialsfield} enter ${credentials}" owner="Common" source_name="enters field ${credentialsfield} enter ${credentials}">
<kw name="Input Text" owner="SeleniumLibrary">
<msg time="2024-10-18T14:00:53.061013" level="INFO">Typing text 'user' into text field '//input[@*='pass']|//textarea[@*='pass']|//select[@*='pass']|//select[@id='pass']'.</msg>
<arg>//input[@*='${credentialsfield}']|//textarea[@*='${credentialsfield}']|//select[@*='${credentialsfield}']|//select[@id='${credentialsfield}']</arg>
<arg>${credentials}</arg>
<doc>Types the given ``text`` into the text field identified by ``locator``.</doc>
<status status="PASS" start="2024-10-18T14:00:53.059943" elapsed="0.194298"/>
</kw>
<status status="PASS" start="2024-10-18T14:00:53.058845" elapsed="0.195824"/>
</kw>
<tag>Login</tag>
<status status="PASS" start="2024-10-18T14:00:53.057720" elapsed="0.197241"/>
</kw>
<kw name="And user clicks button login" owner="keywords" source_name="user clicks button ${buttonName}">
<kw name="click button ${buttonName}" owner="Common" source_name="click button ${buttonName}">
<kw name="Click Element" owner="SeleniumLibrary">
<msg time="2024-10-18T14:00:53.259142" level="INFO">Clicking element '//a[text()='login']|//button[@*='login']|//a[normalize-space()='login']|//input[@*='login']|//button[text()='login']|//span[normalize-space()='login']|//div[@*='login']'.</msg>
<arg>//a[text()='${buttonName}']|//button[@*='${buttonName}']|//a[normalize-space()='${buttonName}']|//input[@*='${buttonName}']|//button[text()='${buttonName}']|//span[normalize-space()='${buttonName}']|//div[@*='${buttonName}']</arg>
<doc>Click the element identified by ``locator``.</doc>
<status status="PASS" start="2024-10-18T14:00:53.258129" elapsed="1.867295"/>
</kw>
<status status="PASS" start="2024-10-18T14:00:53.256962" elapsed="1.868713"/>
</kw>
<status status="PASS" start="2024-10-18T14:00:53.255666" elapsed="1.870178"/>
</kw>
<kw name="And user waits for 5sec" owner="keywords" source_name="user waits for ${time}">
<kw name="wait seconds ${time}" owner="Common" source_name="wait seconds ${time}">
<kw name="Sleep" owner="BuiltIn">
<msg time="2024-10-18T14:01:00.128565" level="INFO">Slept 5 seconds.</msg>
<arg>${time}</arg>
<doc>Pauses the test executed for the given time.</doc>
<status status="PASS" start="2024-10-18T14:00:55.127844" elapsed="5.000933"/>
</kw>
<status status="PASS" start="2024-10-18T14:00:55.127075" elapsed="5.001843"/>
</kw>
<status status="PASS" start="2024-10-18T14:00:55.126240" elapsed="5.002765"/>
</kw>
<kw name="Then user waits until Welcome to Our Travel Blog is visible" owner="keywords" source_name="user waits until ${Text} is visible">
<kw name="wait for visibility ${Text}" owner="Common" source_name="wait for visibility ${Text}">
<kw name="Wait Until Page Contains Element" owner="SeleniumLibrary">
<arg>//*[text()='${Text}']|//*[normalize-space()='${Text}']|//*[@id='${Text}']|//i[@class='${Text}']</arg>
<arg>100</arg>
<arg>none</arg>
<doc>Waits until the element ``locator`` appears on the current page.</doc>
<status status="PASS" start="2024-10-18T14:01:00.130541" elapsed="0.019471"/>
</kw>
<status status="PASS" start="2024-10-18T14:01:00.129933" elapsed="0.020337"/>
</kw>
<status status="PASS" start="2024-10-18T14:01:00.129272" elapsed="0.021178"/>
</kw>
<status status="PASS" start="2024-10-18T14:00:32.020293" elapsed="28.130559"/>
</test>
<doc>Login Feature</doc>
<status status="PASS" start="2024-10-18T14:00:30.979228" elapsed="29.172821"/>
</suite>
<suite id="s1-s4" name="Unsuccessful login" source="C:\python-selenium\Robot-TestAtomation\InformaticsAutomation\Unsuccessful_login.robot">
<test id="s1-s4-t1" name="Test Unsuccessful Login" line="8">
<kw name="Given user opens Chrome browser with URL ${automation_url}" owner="keywords" source_name="user opens ${browser} browser with URL ${site_url}">
<kw name="open normal browser ${site_url} ${browser}" owner="Common" source_name="Open normal Browser ${site_url} ${browser}">
<kw name="Evaluate" owner="BuiltIn">
<msg time="2024-10-18T14:00:31.856885" level="INFO">${options} = &lt;selenium.webdriver.edge.options.Options object at 0x000001B8AD6012B0&gt;</msg>
<var>${options}</var>
<arg>sys.modules['selenium.webdriver'].EdgeOptions()</arg>
<arg>sys, selenium.webdriver</arg>
<doc>Evaluates the given expression in Python and returns the result.</doc>
<status status="PASS" start="2024-10-18T14:00:31.855948" elapsed="0.001058"/>
</kw>
<kw name="Create Webdriver" owner="SeleniumLibrary">
<msg time="2024-10-18T14:00:31.858347" level="INFO">Creating an instance of the Chrome WebDriver.</msg>
<arg>${browser}</arg>
<arg>options=${options}</arg>
<doc>Creates an instance of Selenium WebDriver.</doc>
<status status="PASS" start="2024-10-18T14:00:31.857591" elapsed="10.245955"/>
</kw>
<kw name="Maximize Browser Window" owner="SeleniumLibrary">
<doc>Maximizes current browser window.</doc>
<status status="PASS" start="2024-10-18T14:00:42.105786" elapsed="0.448960"/>
</kw>
<kw name="Go To" owner="SeleniumLibrary">
<msg time="2024-10-18T14:00:42.555688" level="INFO">Opening url 'http://savannahinformatics.great-site.net/'</msg>
<arg>${site_url}</arg>
<doc>Navigates the current browser window to the provided ``url``.</doc>
<status status="PASS" start="2024-10-18T14:00:42.555123" elapsed="3.202990"/>
</kw>
<status status="PASS" start="2024-10-18T14:00:31.853826" elapsed="13.904608"/>
</kw>
<status status="PASS" start="2024-10-18T14:00:31.852709" elapsed="13.905910"/>
</kw>
<kw name="When user enters test as user" owner="keywords" source_name="user enters ${credentials} as ${credentialsfield}">
<kw name="enters field ${credentialsfield} enter ${credentials}" owner="Common" source_name="enters field ${credentialsfield} enter ${credentials}">
<kw name="Input Text" owner="SeleniumLibrary">
<msg time="2024-10-18T14:00:45.761914" level="INFO">Typing text 'test' into text field '//input[@*='user']|//textarea[@*='user']|//select[@*='user']|//select[@id='user']'.</msg>
<arg>//input[@*='${credentialsfield}']|//textarea[@*='${credentialsfield}']|//select[@*='${credentialsfield}']|//select[@id='${credentialsfield}']</arg>
<arg>${credentials}</arg>
<doc>Types the given ``text`` into the text field identified by ``locator``.</doc>
<status status="PASS" start="2024-10-18T14:00:45.760825" elapsed="0.287344"/>
</kw>
<status status="PASS" start="2024-10-18T14:00:45.759968" elapsed="0.288480"/>
</kw>
<tag>Login</tag>
<status status="PASS" start="2024-10-18T14:00:45.759077" elapsed="0.289566"/>
</kw>
<kw name="And user enters 1234 as pass" owner="keywords" source_name="user enters ${credentials} as ${credentialsfield}">
<kw name="enters field ${credentialsfield} enter ${credentials}" owner="Common" source_name="enters field ${credentialsfield} enter ${credentials}">
<kw name="Input Text" owner="SeleniumLibrary">
<msg time="2024-10-18T14:00:46.052363" level="INFO">Typing text '1234' into text field '//input[@*='pass']|//textarea[@*='pass']|//select[@*='pass']|//select[@id='pass']'.</msg>
<arg>//input[@*='${credentialsfield}']|//textarea[@*='${credentialsfield}']|//select[@*='${credentialsfield}']|//select[@id='${credentialsfield}']</arg>
<arg>${credentials}</arg>
<doc>Types the given ``text`` into the text field identified by ``locator``.</doc>
<status status="PASS" start="2024-10-18T14:00:46.051339" elapsed="0.275605"/>
</kw>
<status status="PASS" start="2024-10-18T14:00:46.050157" elapsed="0.277079"/>
</kw>
<tag>Login</tag>
<status status="PASS" start="2024-10-18T14:00:46.049185" elapsed="0.278226"/>
</kw>
<kw name="And user clicks button submit" owner="keywords" source_name="user clicks button ${buttonName}">
<kw name="click button ${buttonName}" owner="Common" source_name="click button ${buttonName}">
<kw name="Click Element" owner="SeleniumLibrary">
<msg time="2024-10-18T14:00:46.330567" level="INFO">Clicking element '//a[text()='submit']|//button[@*='submit']|//a[normalize-space()='submit']|//input[@*='submit']|//button[text()='submit']|//span[normalize-space()='submit']|//div[@*='submit']'.</msg>
<arg>//a[text()='${buttonName}']|//button[@*='${buttonName}']|//a[normalize-space()='${buttonName}']|//input[@*='${buttonName}']|//button[text()='${buttonName}']|//span[normalize-space()='${buttonName}']|//div[@*='${buttonName}']</arg>
<doc>Click the element identified by ``locator``.</doc>
<status status="PASS" start="2024-10-18T14:00:46.329647" elapsed="3.022739"/>
</kw>
<status status="PASS" start="2024-10-18T14:00:46.328712" elapsed="3.023937"/>
</kw>
<status status="PASS" start="2024-10-18T14:00:46.327824" elapsed="3.025887"/>
</kw>
<kw name="And user waits for 5sec" owner="keywords" source_name="user waits for ${time}">
<kw name="wait seconds ${time}" owner="Common" source_name="wait seconds ${time}">
<kw name="Sleep" owner="BuiltIn">
<msg time="2024-10-18T14:00:54.358214" level="INFO">Slept 5 seconds.</msg>
<arg>${time}</arg>
<doc>Pauses the test executed for the given time.</doc>
<status status="PASS" start="2024-10-18T14:00:49.356975" elapsed="5.001451"/>
</kw>
<status status="PASS" start="2024-10-18T14:00:49.356006" elapsed="5.002786"/>
</kw>
<status status="PASS" start="2024-10-18T14:00:49.354601" elapsed="5.004414"/>
</kw>
<kw name="Then verify data exists Invalid Username and Password Combination" owner="keywords" source_name="verify data exists ${data}">
<kw name="verify exists ${data}" owner="Common" source_name="verify exists ${data}">
<kw name="Page Should Contain Element" owner="SeleniumLibrary">
<msg time="2024-10-18T14:00:55.456944" level="INFO" html="true">&lt;/td&gt;&lt;/tr&gt;&lt;tr&gt;&lt;td colspan="3"&gt;&lt;a href="3-selenium-screenshot-1.png"&gt;&lt;img src="3-selenium-screenshot-1.png" width="800px"&gt;&lt;/a&gt;</msg>
<msg time="2024-10-18T14:00:55.457267" level="FAIL">Page should have contained element '//span[normalize-space()="Invalid Username and Password Combination"]|//*[text()="Invalid Username and Password Combination"]' but did not.</msg>
<arg>//span[normalize-space()="${data}"]|//*[text()="${data}"]</arg>
<doc>Verifies that element ``locator`` is found on the current page.</doc>
<status status="FAIL" start="2024-10-18T14:00:54.360945" elapsed="1.101923">Page should have contained element '//span[normalize-space()="Invalid Username and Password Combination"]|//*[text()="Invalid Username and Password Combination"]' but did not.</status>
</kw>
<status status="FAIL" start="2024-10-18T14:00:54.360216" elapsed="1.103407">Page should have contained element '//span[normalize-space()="Invalid Username and Password Combination"]|//*[text()="Invalid Username and Password Combination"]' but did not.</status>
</kw>
<status status="FAIL" start="2024-10-18T14:00:54.359427" elapsed="1.104567">Page should have contained element '//span[normalize-space()="Invalid Username and Password Combination"]|//*[text()="Invalid Username and Password Combination"]' but did not.</status>
</kw>
<status status="FAIL" start="2024-10-18T14:00:31.851178" elapsed="23.613321">Page should have contained element '//span[normalize-space()="Invalid Username and Password Combination"]|//*[text()="Invalid Username and Password Combination"]' but did not.</status>
</test>
<doc>Login Feature</doc>
<status status="FAIL" start="2024-10-18T14:00:31.115992" elapsed="24.350439"/>
</suite>
<doc>[https://pabot.org/?ref=log|Pabot] result from 4 executions.</doc>
<status status="FAIL" start="2024-10-18T14:00:30.714000" elapsed="133.108289"/>
</suite>
<statistics>
<total>
<stat pass="7" fail="1" skip="0">All Tests</stat>
</total>
<tag>
</tag>
<suite>
<stat pass="7" fail="1" skip="0" id="s1" name="InformaticsAutomation">InformaticsAutomation</stat>
<stat pass="5" fail="0" skip="0" id="s1-s1" name="Home page">InformaticsAutomation.Home page</stat>
<stat pass="1" fail="0" skip="0" id="s1-s2" name="Search functionality">InformaticsAutomation.Search functionality</stat>
<stat pass="1" fail="0" skip="0" id="s1-s3" name="Successful login">InformaticsAutomation.Successful login</stat>
<stat pass="0" fail="1" skip="0" id="s1-s4" name="Unsuccessful login">InformaticsAutomation.Unsuccessful login</stat>
</suite>
</statistics>
<errors>
</errors>
</robot>
