<?xml version="1.0" encoding="UTF-8"?>
<robot generator="Robot 7.1 (Python 3.13.0 on win32)" generated="2024-10-18T13:35:07.734021" rpa="false" schemaversion="5">
<suite id="s1" name="InformaticsAutomation" source="C:\python-selenium\Robot-TestAtomation\InformaticsAutomation">
<suite id="s1-s1" name="Successful login" source="C:\python-selenium\Robot-TestAtomation\InformaticsAutomation\Successful_login.robot">
<test id="s1-s1-t1" name="User Logs in successfully" line="8">
<kw name="Given user opens Chrome browser with URL ${automation_url}" owner="keywords" source_name="user opens ${browser} browser with URL ${site_url}">
<kw name="open normal browser ${site_url} ${browser}" owner="Common" source_name="Open normal Browser ${site_url} ${browser}">
<kw name="Evaluate" owner="BuiltIn">
<msg time="2024-10-18T13:35:09.022838" level="INFO">${options} = &lt;selenium.webdriver.edge.options.Options object at 0x00000160D90A12B0&gt;</msg>
<var>${options}</var>
<arg>sys.modules['selenium.webdriver'].EdgeOptions()</arg>
<arg>sys, selenium.webdriver</arg>
<doc>Evaluates the given expression in Python and returns the result.</doc>
<status status="PASS" start="2024-10-18T13:35:09.021860" elapsed="0.001101"/>
</kw>
<kw name="Create Webdriver" owner="SeleniumLibrary">
<msg time="2024-10-18T13:35:09.024391" level="INFO">Creating an instance of the Chrome WebDriver.</msg>
<arg>${browser}</arg>
<arg>options=${options}</arg>
<doc>Creates an instance of Selenium WebDriver.</doc>
<status status="PASS" start="2024-10-18T13:35:09.023515" elapsed="11.768479"/>
</kw>
<kw name="Maximize Browser Window" owner="SeleniumLibrary">
<doc>Maximizes current browser window.</doc>
<status status="PASS" start="2024-10-18T13:35:20.792531" elapsed="0.771701"/>
</kw>
<kw name="Go To" owner="SeleniumLibrary">
<msg time="2024-10-18T13:35:21.565860" level="INFO">Opening url 'http://savannahinformatics.great-site.net/'</msg>
<arg>${site_url}</arg>
<doc>Navigates the current browser window to the provided ``url``.</doc>
<status status="PASS" start="2024-10-18T13:35:21.564644" elapsed="3.061585"/>
</kw>
<status status="PASS" start="2024-10-18T13:35:09.017681" elapsed="15.608826"/>
</kw>
<status status="PASS" start="2024-10-18T13:35:09.016339" elapsed="15.610369"/>
</kw>
<kw name="And user waits for 4sec" owner="keywords" source_name="user waits for ${time}">
<kw name="wait seconds ${time}" owner="Common" source_name="wait seconds ${time}">
<kw name="Sleep" owner="BuiltIn">
<msg time="2024-10-18T13:35:28.630229" level="INFO">Slept 4 seconds.</msg>
<arg>${time}</arg>
<doc>Pauses the test executed for the given time.</doc>
<status status="PASS" start="2024-10-18T13:35:24.628741" elapsed="4.001703"/>
</kw>
<status status="PASS" start="2024-10-18T13:35:24.627982" elapsed="4.003830"/>
</kw>
<status status="PASS" start="2024-10-18T13:35:24.627141" elapsed="4.005063"/>
</kw>
<kw name="And user enters user as user" owner="keywords" source_name="user enters ${credentials} as ${credentialsfield}">
<kw name="enters field ${credentialsfield} enter ${credentials}" owner="Common" source_name="enters field ${credentialsfield} enter ${credentials}">
<kw name="Input Text" owner="SeleniumLibrary">
<msg time="2024-10-18T13:35:28.636859" level="INFO">Typing text 'user' into text field '//input[@*='user']|//textarea[@*='user']|//select[@*='user']|//select[@id='user']'.</msg>
<arg>//input[@*='${credentialsfield}']|//textarea[@*='${credentialsfield}']|//select[@*='${credentialsfield}']|//select[@id='${credentialsfield}']</arg>
<arg>${credentials}</arg>
<doc>Types the given ``text`` into the text field identified by ``locator``.</doc>
<status status="PASS" start="2024-10-18T13:35:28.635494" elapsed="0.881170"/>
</kw>
<status status="PASS" start="2024-10-18T13:35:28.634427" elapsed="0.882572"/>
</kw>
<tag>Login</tag>
<status status="PASS" start="2024-10-18T13:35:28.632802" elapsed="0.884402"/>
</kw>
<kw name="And user waits for 4sec" owner="keywords" source_name="user waits for ${time}">
<kw name="wait seconds ${time}" owner="Common" source_name="wait seconds ${time}">
<kw name="Sleep" owner="BuiltIn">
<msg time="2024-10-18T13:35:33.520663" level="INFO">Slept 4 seconds.</msg>
<arg>${time}</arg>
<doc>Pauses the test executed for the given time.</doc>
<status status="PASS" start="2024-10-18T13:35:29.519764" elapsed="4.001149"/>
</kw>
<status status="PASS" start="2024-10-18T13:35:29.518756" elapsed="4.002498"/>
</kw>
<status status="PASS" start="2024-10-18T13:35:29.517672" elapsed="4.003759"/>
</kw>
<kw name="And user enters user as pass" owner="keywords" source_name="user enters ${credentials} as ${credentialsfield}">
<kw name="enters field ${credentialsfield} enter ${credentials}" owner="Common" source_name="enters field ${credentialsfield} enter ${credentials}">
<kw name="Input Text" owner="SeleniumLibrary">
<msg time="2024-10-18T13:35:33.526026" level="INFO">Typing text 'user' into text field '//input[@*='pass']|//textarea[@*='pass']|//select[@*='pass']|//select[@id='pass']'.</msg>
<arg>//input[@*='${credentialsfield}']|//textarea[@*='${credentialsfield}']|//select[@*='${credentialsfield}']|//select[@id='${credentialsfield}']</arg>
<arg>${credentials}</arg>
<doc>Types the given ``text`` into the text field identified by ``locator``.</doc>
<status status="PASS" start="2024-10-18T13:35:33.524785" elapsed="0.228641"/>
</kw>
<status status="PASS" start="2024-10-18T13:35:33.523314" elapsed="0.230452"/>
</kw>
<tag>Login</tag>
<status status="PASS" start="2024-10-18T13:35:33.521945" elapsed="0.232093"/>
</kw>
<kw name="And user clicks button login" owner="keywords" source_name="user clicks button ${buttonName}">
<kw name="click button ${buttonName}" owner="Common" source_name="click button ${buttonName}">
<kw name="Click Element" owner="SeleniumLibrary">
<msg time="2024-10-18T13:35:33.757961" level="INFO">Clicking element '//a[text()='login']|//button[@*='login']|//a[normalize-space()='login']|//input[@*='login']|//button[text()='login']|//span[normalize-space()='login']|//div[@*='login']'.</msg>
<arg>//a[text()='${buttonName}']|//button[@*='${buttonName}']|//a[normalize-space()='${buttonName}']|//input[@*='${buttonName}']|//button[text()='${buttonName}']|//span[normalize-space()='${buttonName}']|//div[@*='${buttonName}']</arg>
<doc>Click the element identified by ``locator``.</doc>
<status status="PASS" start="2024-10-18T13:35:33.756666" elapsed="2.047258"/>
</kw>
<status status="PASS" start="2024-10-18T13:35:33.755660" elapsed="2.048863"/>
</kw>
<status status="PASS" start="2024-10-18T13:35:33.754641" elapsed="2.050475"/>
</kw>
<kw name="And user waits for 5sec" owner="keywords" source_name="user waits for ${time}">
<kw name="wait seconds ${time}" owner="Common" source_name="wait seconds ${time}">
<kw name="Sleep" owner="BuiltIn">
<msg time="2024-10-18T13:35:40.811365" level="INFO">Slept 5 seconds.</msg>
<arg>${time}</arg>
<doc>Pauses the test executed for the given time.</doc>
<status status="PASS" start="2024-10-18T13:35:35.809994" elapsed="5.001758"/>
</kw>
<status status="PASS" start="2024-10-18T13:35:35.809013" elapsed="5.003243"/>
</kw>
<status status="PASS" start="2024-10-18T13:35:35.806459" elapsed="5.006132"/>
</kw>
<kw name="Then user waits until Welcome to Our Travel Blog is visible" owner="keywords" source_name="user waits until ${Text} is visible">
<kw name="wait for visibility ${Text}" owner="Common" source_name="wait for visibility ${Text}">
<kw name="Wait Until Page Contains Element" owner="SeleniumLibrary">
<arg>//*[text()='${Text}']|//*[normalize-space()='${Text}']|//*[@id='${Text}']|//i[@class='${Text}']</arg>
<arg>100</arg>
<arg>none</arg>
<doc>Waits until the element ``locator`` appears on the current page.</doc>
<status status="PASS" start="2024-10-18T13:35:40.816918" elapsed="0.078377"/>
</kw>
<status status="PASS" start="2024-10-18T13:35:40.815182" elapsed="0.080636"/>
</kw>
<status status="PASS" start="2024-10-18T13:35:40.813387" elapsed="0.082822"/>
</kw>
<status status="PASS" start="2024-10-18T13:35:09.014230" elapsed="31.882496"/>
</test>
<doc>Login Feature</doc>
<status status="PASS" start="2024-10-18T13:35:07.885148" elapsed="33.013041"/>
</suite>
<status status="PASS" start="2024-10-18T13:35:07.824120" elapsed="33.079160"/>
</suite>
<statistics>
<total>
<stat pass="1" fail="0" skip="0">All Tests</stat>
</total>
<tag>
</tag>
<suite>
<stat pass="1" fail="0" skip="0" id="s1" name="InformaticsAutomation">InformaticsAutomation</stat>
<stat pass="1" fail="0" skip="0" id="s1-s1" name="Successful login">InformaticsAutomation.Successful login</stat>
</suite>
</statistics>
<errors>
</errors>
</robot>
