<?xml version="1.0" encoding="UTF-8"?>
<robot generator="Robot 7.1 (Python 3.13.0 on win32)" generated="2024-10-18T13:35:07.605200" rpa="false" schemaversion="5">
<suite id="s1" name="InformaticsAutomation" source="C:\python-selenium\Robot-TestAtomation\InformaticsAutomation">
<suite id="s1-s1" name="Home page" source="C:\python-selenium\Robot-TestAtomation\InformaticsAutomation\Home_page.robot">
<test id="s1-s1-t1" name="User Logs in successfully" line="8">
<kw name="Given user opens Chrome browser with URL ${automation_url}" owner="keywords" source_name="user opens ${browser} browser with URL ${site_url}">
<kw name="open normal browser ${site_url} ${browser}" owner="Common" source_name="Open normal Browser ${site_url} ${browser}">
<kw name="Evaluate" owner="BuiltIn">
<msg time="2024-10-18T13:35:08.570926" level="INFO">${options} = &lt;selenium.webdriver.edge.options.Options object at 0x000001FE2ADA1400&gt;</msg>
<var>${options}</var>
<arg>sys.modules['selenium.webdriver'].EdgeOptions()</arg>
<arg>sys, selenium.webdriver</arg>
<doc>Evaluates the given expression in Python and returns the result.</doc>
<status status="PASS" start="2024-10-18T13:35:08.567941" elapsed="0.003203"/>
</kw>
<kw name="Create Webdriver" owner="SeleniumLibrary">
<msg time="2024-10-18T13:35:08.572583" level="INFO">Creating an instance of the Chrome WebDriver.</msg>
<arg>${browser}</arg>
<arg>options=${options}</arg>
<doc>Creates an instance of Selenium WebDriver.</doc>
<status status="PASS" start="2024-10-18T13:35:08.571696" elapsed="11.221718"/>
</kw>
<kw name="Maximize Browser Window" owner="SeleniumLibrary">
<doc>Maximizes current browser window.</doc>
<status status="PASS" start="2024-10-18T13:35:19.793965" elapsed="2.259671"/>
</kw>
<kw name="Go To" owner="SeleniumLibrary">
<msg time="2024-10-18T13:35:22.054614" level="INFO">Opening url 'http://savannahinformatics.great-site.net/'</msg>
<arg>${site_url}</arg>
<doc>Navigates the current browser window to the provided ``url``.</doc>
<status status="PASS" start="2024-10-18T13:35:22.054085" elapsed="3.222537"/>
</kw>
<status status="PASS" start="2024-10-18T13:35:08.564859" elapsed="16.712070"/>
</kw>
<status status="PASS" start="2024-10-18T13:35:08.563077" elapsed="16.714059"/>
</kw>
<kw name="And user waits for 10sec" owner="keywords" source_name="user waits for ${time}">
<kw name="wait seconds ${time}" owner="Common" source_name="wait seconds ${time}">
<kw name="Sleep" owner="BuiltIn">
<msg time="2024-10-18T13:35:35.282001" level="INFO">Slept 10 seconds.</msg>
<arg>${time}</arg>
<doc>Pauses the test executed for the given time.</doc>
<status status="PASS" start="2024-10-18T13:35:25.279313" elapsed="10.003704"/>
</kw>
<status status="PASS" start="2024-10-18T13:35:25.278510" elapsed="10.005392"/>
</kw>
<status status="PASS" start="2024-10-18T13:35:25.277589" elapsed="10.006746"/>
</kw>
<kw name="And user enters user as user" owner="keywords" source_name="user enters ${credentials} as ${credentialsfield}">
<kw name="enters field ${credentialsfield} enter ${credentials}" owner="Common" source_name="enters field ${credentialsfield} enter ${credentials}">
<kw name="Input Text" owner="SeleniumLibrary">
<msg time="2024-10-18T13:35:35.288731" level="INFO">Typing text 'user' into text field '//input[@*='user']|//textarea[@*='user']|//select[@*='user']|//select[@id='user']'.</msg>
<arg>//input[@*='${credentialsfield}']|//textarea[@*='${credentialsfield}']|//select[@*='${credentialsfield}']|//select[@id='${credentialsfield}']</arg>
<arg>${credentials}</arg>
<doc>Types the given ``text`` into the text field identified by ``locator``.</doc>
<status status="PASS" start="2024-10-18T13:35:35.287265" elapsed="0.381190"/>
</kw>
<status status="PASS" start="2024-10-18T13:35:35.286093" elapsed="0.382947"/>
</kw>
<tag>Login</tag>
<status status="PASS" start="2024-10-18T13:35:35.285005" elapsed="0.384275"/>
</kw>
<kw name="And user waits for 10sec" owner="keywords" source_name="user waits for ${time}">
<kw name="wait seconds ${time}" owner="Common" source_name="wait seconds ${time}">
<kw name="Sleep" owner="BuiltIn">
<msg time="2024-10-18T13:35:45.673626" level="INFO">Slept 10 seconds.</msg>
<arg>${time}</arg>
<doc>Pauses the test executed for the given time.</doc>
<status status="PASS" start="2024-10-18T13:35:35.672359" elapsed="10.001574"/>
</kw>
<status status="PASS" start="2024-10-18T13:35:35.670811" elapsed="10.003471"/>
</kw>
<status status="PASS" start="2024-10-18T13:35:35.669799" elapsed="10.004717"/>
</kw>
<kw name="And user enters user as pass" owner="keywords" source_name="user enters ${credentials} as ${credentialsfield}">
<kw name="enters field ${credentialsfield} enter ${credentials}" owner="Common" source_name="enters field ${credentialsfield} enter ${credentials}">
<kw name="Input Text" owner="SeleniumLibrary">
<msg time="2024-10-18T13:35:45.681305" level="INFO">Typing text 'user' into text field '//input[@*='pass']|//textarea[@*='pass']|//select[@*='pass']|//select[@id='pass']'.</msg>
<arg>//input[@*='${credentialsfield}']|//textarea[@*='${credentialsfield}']|//select[@*='${credentialsfield}']|//select[@id='${credentialsfield}']</arg>
<arg>${credentials}</arg>
<doc>Types the given ``text`` into the text field identified by ``locator``.</doc>
<status status="PASS" start="2024-10-18T13:35:45.680021" elapsed="0.298553"/>
</kw>
<status status="PASS" start="2024-10-18T13:35:45.676317" elapsed="0.302787"/>
</kw>
<tag>Login</tag>
<status status="PASS" start="2024-10-18T13:35:45.675140" elapsed="0.304240"/>
</kw>
<kw name="And user clicks button login" owner="keywords" source_name="user clicks button ${buttonName}">
<kw name="click button ${buttonName}" owner="Common" source_name="click button ${buttonName}">
<kw name="Click Element" owner="SeleniumLibrary">
<msg time="2024-10-18T13:35:45.983324" level="INFO">Clicking element '//a[text()='login']|//button[@*='login']|//a[normalize-space()='login']|//input[@*='login']|//button[text()='login']|//span[normalize-space()='login']|//div[@*='login']'.</msg>
<arg>//a[text()='${buttonName}']|//button[@*='${buttonName}']|//a[normalize-space()='${buttonName}']|//input[@*='${buttonName}']|//button[text()='${buttonName}']|//span[normalize-space()='${buttonName}']|//div[@*='${buttonName}']</arg>
<doc>Click the element identified by ``locator``.</doc>
<status status="PASS" start="2024-10-18T13:35:45.982283" elapsed="2.089996"/>
</kw>
<status status="PASS" start="2024-10-18T13:35:45.981232" elapsed="2.091295"/>
</kw>
<status status="PASS" start="2024-10-18T13:35:45.979943" elapsed="2.092751"/>
</kw>
<kw name="And user waits for 10sec" owner="keywords" source_name="user waits for ${time}">
<kw name="wait seconds ${time}" owner="Common" source_name="wait seconds ${time}">
<kw name="Sleep" owner="BuiltIn">
<msg time="2024-10-18T13:35:58.076475" level="INFO">Slept 10 seconds.</msg>
<arg>${time}</arg>
<doc>Pauses the test executed for the given time.</doc>
<status status="PASS" start="2024-10-18T13:35:48.074856" elapsed="10.001946"/>
</kw>
<status status="PASS" start="2024-10-18T13:35:48.073988" elapsed="10.005405"/>
</kw>
<status status="PASS" start="2024-10-18T13:35:48.073102" elapsed="10.006593"/>
</kw>
<kw name="Then user waits until Welcome to Our Travel Blog is visible" owner="keywords" source_name="user waits until ${Text} is visible">
<kw name="wait for visibility ${Text}" owner="Common" source_name="wait for visibility ${Text}">
<kw name="Wait Until Page Contains Element" owner="SeleniumLibrary">
<arg>//*[text()='${Text}']|//*[normalize-space()='${Text}']|//*[@id='${Text}']|//i[@class='${Text}']</arg>
<arg>100</arg>
<arg>none</arg>
<doc>Waits until the element ``locator`` appears on the current page.</doc>
<status status="PASS" start="2024-10-18T13:35:58.082959" elapsed="0.036137"/>
</kw>
<status status="PASS" start="2024-10-18T13:35:58.081644" elapsed="0.037754"/>
</kw>
<status status="PASS" start="2024-10-18T13:35:58.080368" elapsed="0.039241"/>
</kw>
<status status="PASS" start="2024-10-18T13:35:08.561314" elapsed="49.558634"/>
</test>
<test id="s1-s1-t2" name="Navigate to Home Page" line="20">
<kw name="When user clicks link Home" owner="keywords" source_name="user clicks link ${linkName}">
<kw name="clicks link ${linkName}" owner="Common" source_name="clicks link ${linkName}">
<kw name="Click Element" owner="SeleniumLibrary">
<msg time="2024-10-18T13:35:58.125999" level="INFO">Clicking element '//a[@*='Home']|//a[normalize-space()='Home']'.</msg>
<arg>//a[@*='${linkName}']|//a[normalize-space()='${linkName}']</arg>
<doc>Click the element identified by ``locator``.</doc>
<status status="PASS" start="2024-10-18T13:35:58.125159" elapsed="0.461082"/>
</kw>
<status status="PASS" start="2024-10-18T13:35:58.124126" elapsed="0.462393"/>
</kw>
<status status="PASS" start="2024-10-18T13:35:58.122968" elapsed="0.463746"/>
</kw>
<kw name="And user waits for 10sec" owner="keywords" source_name="user waits for ${time}">
<kw name="wait seconds ${time}" owner="Common" source_name="wait seconds ${time}">
<kw name="Sleep" owner="BuiltIn">
<msg time="2024-10-18T13:36:08.590230" level="INFO">Slept 10 seconds.</msg>
<arg>${time}</arg>
<doc>Pauses the test executed for the given time.</doc>
<status status="PASS" start="2024-10-18T13:35:58.589105" elapsed="10.001484"/>
</kw>
<status status="PASS" start="2024-10-18T13:35:58.588153" elapsed="10.002858"/>
</kw>
<status status="PASS" start="2024-10-18T13:35:58.587174" elapsed="10.004162"/>
</kw>
<kw name="Then user waits until Welcome to Our Travel Blog is visible" owner="keywords" source_name="user waits until ${Text} is visible">
<kw name="wait for visibility ${Text}" owner="Common" source_name="wait for visibility ${Text}">
<kw name="Wait Until Page Contains Element" owner="SeleniumLibrary">
<arg>//*[text()='${Text}']|//*[normalize-space()='${Text}']|//*[@id='${Text}']|//i[@class='${Text}']</arg>
<arg>100</arg>
<arg>none</arg>
<doc>Waits until the element ``locator`` appears on the current page.</doc>
<status status="PASS" start="2024-10-18T13:36:08.594535" elapsed="0.020661"/>
</kw>
<status status="PASS" start="2024-10-18T13:36:08.593231" elapsed="0.022450"/>
</kw>
<status status="PASS" start="2024-10-18T13:36:08.592072" elapsed="0.023955"/>
</kw>
<kw name="And user waits for 10sec" owner="keywords" source_name="user waits for ${time}">
<kw name="wait seconds ${time}" owner="Common" source_name="wait seconds ${time}">
<kw name="Sleep" owner="BuiltIn">
<msg time="2024-10-18T13:36:18.619742" level="INFO">Slept 10 seconds.</msg>
<arg>${time}</arg>
<doc>Pauses the test executed for the given time.</doc>
<status status="PASS" start="2024-10-18T13:36:08.618862" elapsed="10.001261"/>
</kw>
<status status="PASS" start="2024-10-18T13:36:08.617819" elapsed="10.002892"/>
</kw>
<status status="PASS" start="2024-10-18T13:36:08.616607" elapsed="10.004674"/>
</kw>
<kw name="And verify data exists Adventure Awaits" owner="keywords" source_name="verify data exists ${data}">
<kw name="verify exists ${data}" owner="Common" source_name="verify exists ${data}">
<kw name="Page Should Contain Element" owner="SeleniumLibrary">
<msg time="2024-10-18T13:36:18.652932" level="INFO">Current page contains element '//span[normalize-space()="Adventure Awaits"]|//*[text()="Adventure Awaits"]'.</msg>
<arg>//span[normalize-space()="${data}"]|//*[text()="${data}"]</arg>
<doc>Verifies that element ``locator`` is found on the current page.</doc>
<status status="PASS" start="2024-10-18T13:36:18.625235" elapsed="0.027984"/>
</kw>
<status status="PASS" start="2024-10-18T13:36:18.623790" elapsed="0.029689"/>
</kw>
<status status="PASS" start="2024-10-18T13:36:18.622295" elapsed="0.031481"/>
</kw>
<status status="PASS" start="2024-10-18T13:35:58.120794" elapsed="20.533484"/>
</test>
<test id="s1-s1-t3" name="Navigate to User Page" line="29">
<kw name="When user clicks link User" owner="keywords" source_name="user clicks link ${linkName}">
<kw name="clicks link ${linkName}" owner="Common" source_name="clicks link ${linkName}">
<kw name="Click Element" owner="SeleniumLibrary">
<msg time="2024-10-18T13:36:18.659015" level="INFO">Clicking element '//a[@*='User']|//a[normalize-space()='User']'.</msg>
<arg>//a[@*='${linkName}']|//a[normalize-space()='${linkName}']</arg>
<doc>Click the element identified by ``locator``.</doc>
<status status="PASS" start="2024-10-18T13:36:18.658231" elapsed="2.271693"/>
</kw>
<status status="PASS" start="2024-10-18T13:36:18.657133" elapsed="2.273130"/>
</kw>
<status status="PASS" start="2024-10-18T13:36:18.656056" elapsed="2.274485"/>
</kw>
<kw name="And user waits for 10sec" owner="keywords" source_name="user waits for ${time}">
<kw name="wait seconds ${time}" owner="Common" source_name="wait seconds ${time}">
<kw name="Sleep" owner="BuiltIn">
<msg time="2024-10-18T13:36:30.936052" level="INFO">Slept 10 seconds.</msg>
<arg>${time}</arg>
<doc>Pauses the test executed for the given time.</doc>
<status status="PASS" start="2024-10-18T13:36:20.934648" elapsed="10.001742"/>
</kw>
<status status="PASS" start="2024-10-18T13:36:20.932859" elapsed="10.003794"/>
</kw>
<status status="PASS" start="2024-10-18T13:36:20.931306" elapsed="10.005528"/>
</kw>
<kw name="Then user waits until Get in Touch is visible" owner="keywords" source_name="user waits until ${Text} is visible">
<kw name="wait for visibility ${Text}" owner="Common" source_name="wait for visibility ${Text}">
<kw name="Wait Until Page Contains Element" owner="SeleniumLibrary">
<arg>//*[text()='${Text}']|//*[normalize-space()='${Text}']|//*[@id='${Text}']|//i[@class='${Text}']</arg>
<arg>100</arg>
<arg>none</arg>
<doc>Waits until the element ``locator`` appears on the current page.</doc>
<status status="PASS" start="2024-10-18T13:36:30.939560" elapsed="0.025582"/>
</kw>
<status status="PASS" start="2024-10-18T13:36:30.938463" elapsed="0.026894"/>
</kw>
<status status="PASS" start="2024-10-18T13:36:30.937331" elapsed="0.028158"/>
</kw>
<kw name="And user waits for 10sec" owner="keywords" source_name="user waits for ${time}">
<kw name="wait seconds ${time}" owner="Common" source_name="wait seconds ${time}">
<kw name="Sleep" owner="BuiltIn">
<msg time="2024-10-18T13:36:40.970037" level="INFO">Slept 10 seconds.</msg>
<arg>${time}</arg>
<doc>Pauses the test executed for the given time.</doc>
<status status="PASS" start="2024-10-18T13:36:30.968975" elapsed="10.001477"/>
</kw>
<status status="PASS" start="2024-10-18T13:36:30.967523" elapsed="10.003324"/>
</kw>
<status status="PASS" start="2024-10-18T13:36:30.966006" elapsed="10.005170"/>
</kw>
<kw name="And verify data exists If you have any questions, comments, or just want to say hello, please don't hesitate to reach out to us. We'd love to hear from you!" owner="keywords" source_name="verify data exists ${data}">
<kw name="verify exists ${data}" owner="Common" source_name="verify exists ${data}">
<kw name="Page Should Contain Element" owner="SeleniumLibrary">
<msg time="2024-10-18T13:36:41.000049" level="INFO">Current page contains element '//span[normalize-space()="If you have any questions, comments, or just want to say hello, please don't hesitate to reach out to us. We'd love to hear from you!"]|//*[text()="If you have any questions, comments, or just want to say hello, please don't hesitate to reach out to us. We'd love to hear from you!"]'.</msg>
<arg>//span[normalize-space()="${data}"]|//*[text()="${data}"]</arg>
<doc>Verifies that element ``locator`` is found on the current page.</doc>
<status status="PASS" start="2024-10-18T13:36:40.974953" elapsed="0.025240"/>
</kw>
<status status="PASS" start="2024-10-18T13:36:40.973494" elapsed="0.026886"/>
</kw>
<status status="PASS" start="2024-10-18T13:36:40.972069" elapsed="0.028438"/>
</kw>
<status status="PASS" start="2024-10-18T13:36:18.655038" elapsed="22.345687"/>
</test>
<test id="s1-s1-t4" name="Navigate to Album Page" line="36">
<kw name="When user clicks link Album" owner="keywords" source_name="user clicks link ${linkName}">
<kw name="clicks link ${linkName}" owner="Common" source_name="clicks link ${linkName}">
<kw name="Click Element" owner="SeleniumLibrary">
<msg time="2024-10-18T13:36:41.004938" level="INFO">Clicking element '//a[@*='Album']|//a[normalize-space()='Album']'.</msg>
<arg>//a[@*='${linkName}']|//a[normalize-space()='${linkName}']</arg>
<doc>Click the element identified by ``locator``.</doc>
<status status="PASS" start="2024-10-18T13:36:41.004185" elapsed="3.131360"/>
</kw>
<status status="PASS" start="2024-10-18T13:36:41.003230" elapsed="3.133189"/>
</kw>
<status status="PASS" start="2024-10-18T13:36:41.002260" elapsed="3.134714"/>
</kw>
<kw name="And user waits for 10sec" owner="keywords" source_name="user waits for ${time}">
<kw name="wait seconds ${time}" owner="Common" source_name="wait seconds ${time}">
<kw name="Sleep" owner="BuiltIn">
<msg time="2024-10-18T13:36:54.141747" level="INFO">Slept 10 seconds.</msg>
<arg>${time}</arg>
<doc>Pauses the test executed for the given time.</doc>
<status status="PASS" start="2024-10-18T13:36:44.140731" elapsed="10.001413"/>
</kw>
<status status="PASS" start="2024-10-18T13:36:44.138822" elapsed="10.003726"/>
</kw>
<status status="PASS" start="2024-10-18T13:36:44.137489" elapsed="10.005380"/>
</kw>
<kw name="Then user waits until Introduction is visible" owner="keywords" source_name="user waits until ${Text} is visible">
<kw name="wait for visibility ${Text}" owner="Common" source_name="wait for visibility ${Text}">
<kw name="Wait Until Page Contains Element" owner="SeleniumLibrary">
<arg>//*[text()='${Text}']|//*[normalize-space()='${Text}']|//*[@id='${Text}']|//i[@class='${Text}']</arg>
<arg>100</arg>
<arg>none</arg>
<doc>Waits until the element ``locator`` appears on the current page.</doc>
<status status="PASS" start="2024-10-18T13:36:54.146664" elapsed="0.026471"/>
</kw>
<status status="PASS" start="2024-10-18T13:36:54.145199" elapsed="0.028219"/>
</kw>
<status status="PASS" start="2024-10-18T13:36:54.143601" elapsed="0.030014"/>
</kw>
<kw name="And user waits for 10sec" owner="keywords" source_name="user waits for ${time}">
<kw name="wait seconds ${time}" owner="Common" source_name="wait seconds ${time}">
<kw name="Sleep" owner="BuiltIn">
<msg time="2024-10-18T13:37:04.177194" level="INFO">Slept 10 seconds.</msg>
<arg>${time}</arg>
<doc>Pauses the test executed for the given time.</doc>
<status status="PASS" start="2024-10-18T13:36:54.176194" elapsed="10.001427"/>
</kw>
<status status="PASS" start="2024-10-18T13:36:54.175082" elapsed="10.003027"/>
</kw>
<status status="PASS" start="2024-10-18T13:36:54.174107" elapsed="10.004288"/>
</kw>
<kw name="And verify data exists Visual Elements" owner="keywords" source_name="verify data exists ${data}">
<kw name="verify exists ${data}" owner="Common" source_name="verify exists ${data}">
<kw name="Page Should Contain Element" owner="SeleniumLibrary">
<msg time="2024-10-18T13:37:04.209678" level="INFO">Current page contains element '//span[normalize-space()="Visual Elements"]|//*[text()="Visual Elements"]'.</msg>
<arg>//span[normalize-space()="${data}"]|//*[text()="${data}"]</arg>
<doc>Verifies that element ``locator`` is found on the current page.</doc>
<status status="PASS" start="2024-10-18T13:37:04.180960" elapsed="0.029048"/>
</kw>
<status status="PASS" start="2024-10-18T13:37:04.179859" elapsed="0.030557"/>
</kw>
<status status="PASS" start="2024-10-18T13:37:04.178843" elapsed="0.031909"/>
</kw>
<status status="PASS" start="2024-10-18T13:36:41.001403" elapsed="23.209851"/>
</test>
<test id="s1-s1-t5" name="Navigate to Photo Page" line="43">
<kw name="When user clicks link Photo" owner="keywords" source_name="user clicks link ${linkName}">
<kw name="clicks link ${linkName}" owner="Common" source_name="clicks link ${linkName}">
<kw name="Click Element" owner="SeleniumLibrary">
<msg time="2024-10-18T13:37:04.217735" level="INFO">Clicking element '//a[@*='Photo']|//a[normalize-space()='Photo']'.</msg>
<arg>//a[@*='${linkName}']|//a[normalize-space()='${linkName}']</arg>
<doc>Click the element identified by ``locator``.</doc>
<status status="PASS" start="2024-10-18T13:37:04.216576" elapsed="0.448509"/>
</kw>
<status status="PASS" start="2024-10-18T13:37:04.215160" elapsed="0.450192"/>
</kw>
<status status="PASS" start="2024-10-18T13:37:04.213671" elapsed="0.451852"/>
</kw>
<kw name="And user waits for 10sec" owner="keywords" source_name="user waits for ${time}">
<kw name="wait seconds ${time}" owner="Common" source_name="wait seconds ${time}">
<kw name="Sleep" owner="BuiltIn">
<msg time="2024-10-18T13:37:14.668420" level="INFO">Slept 10 seconds.</msg>
<arg>${time}</arg>
<doc>Pauses the test executed for the given time.</doc>
<status status="PASS" start="2024-10-18T13:37:04.667552" elapsed="10.001141"/>
</kw>
<status status="PASS" start="2024-10-18T13:37:04.666784" elapsed="10.002206"/>
</kw>
<status status="PASS" start="2024-10-18T13:37:04.665928" elapsed="10.003280"/>
</kw>
<kw name="Then user waits until Relax and Unwind is visible" owner="keywords" source_name="user waits until ${Text} is visible">
<kw name="wait for visibility ${Text}" owner="Common" source_name="wait for visibility ${Text}">
<kw name="Wait Until Page Contains Element" owner="SeleniumLibrary">
<arg>//*[text()='${Text}']|//*[normalize-space()='${Text}']|//*[@id='${Text}']|//i[@class='${Text}']</arg>
<arg>100</arg>
<arg>none</arg>
<doc>Waits until the element ``locator`` appears on the current page.</doc>
<status status="PASS" start="2024-10-18T13:37:14.672278" elapsed="0.038574"/>
</kw>
<status status="PASS" start="2024-10-18T13:37:14.671162" elapsed="0.040126"/>
</kw>
<status status="PASS" start="2024-10-18T13:37:14.669978" elapsed="0.041681"/>
</kw>
<kw name="And user waits for 10sec" owner="keywords" source_name="user waits for ${time}">
<kw name="wait seconds ${time}" owner="Common" source_name="wait seconds ${time}">
<kw name="Sleep" owner="BuiltIn">
<msg time="2024-10-18T13:37:24.715982" level="INFO">Slept 10 seconds.</msg>
<arg>${time}</arg>
<doc>Pauses the test executed for the given time.</doc>
<status status="PASS" start="2024-10-18T13:37:14.714399" elapsed="10.001946"/>
</kw>
<status status="PASS" start="2024-10-18T13:37:14.713249" elapsed="10.003374"/>
</kw>
<status status="PASS" start="2024-10-18T13:37:14.712159" elapsed="10.004634"/>
</kw>
<kw name="And verify data exists Experience the thrill of traveling to unknown territories." owner="keywords" source_name="verify data exists ${data}">
<kw name="verify exists ${data}" owner="Common" source_name="verify exists ${data}">
<kw name="Page Should Contain Element" owner="SeleniumLibrary">
<msg time="2024-10-18T13:37:24.745396" level="INFO">Current page contains element '//span[normalize-space()="Experience the thrill of traveling to unknown territories."]|//*[text()="Experience the thrill of traveling to unknown territories."]'.</msg>
<arg>//span[normalize-space()="${data}"]|//*[text()="${data}"]</arg>
<doc>Verifies that element ``locator`` is found on the current page.</doc>
<status status="PASS" start="2024-10-18T13:37:24.719512" elapsed="0.026011"/>
</kw>
<status status="PASS" start="2024-10-18T13:37:24.718595" elapsed="0.027115"/>
</kw>
<status status="PASS" start="2024-10-18T13:37:24.717320" elapsed="0.028568"/>
</kw>
<status status="PASS" start="2024-10-18T13:37:04.212237" elapsed="20.534218"/>
</test>
<doc>Login Feature</doc>
<status status="PASS" start="2024-10-18T13:35:07.734920" elapsed="137.013288"/>
</suite>
<status status="PASS" start="2024-10-18T13:35:07.675692" elapsed="137.075746"/>
</suite>
<statistics>
<total>
<stat pass="5" fail="0" skip="0">All Tests</stat>
</total>
<tag>
</tag>
<suite>
<stat pass="5" fail="0" skip="0" id="s1" name="InformaticsAutomation">InformaticsAutomation</stat>
<stat pass="5" fail="0" skip="0" id="s1-s1" name="Home page">InformaticsAutomation.Home page</stat>
</suite>
</statistics>
<errors>
</errors>
</robot>
