<?xml version="1.0" encoding="UTF-8"?>
<robot generator="Robot 7.1 (Python 3.13.0 on win32)" generated="2024-10-18T14:00:30.877516" rpa="false" schemaversion="5">
<suite id="s1" name="InformaticsAutomation" source="C:\python-selenium\Robot-TestAtomation\InformaticsAutomation">
<suite id="s1-s1" name="Unsuccessful login" source="C:\python-selenium\Robot-TestAtomation\InformaticsAutomation\Unsuccessful_login.robot">
<test id="s1-s1-t1" name="Test Unsuccessful Login" line="8">
<kw name="Given user opens Chrome browser with URL ${automation_url}" owner="keywords" source_name="user opens ${browser} browser with URL ${site_url}">
<kw name="open normal browser ${site_url} ${browser}" owner="Common" source_name="Open normal Browser ${site_url} ${browser}">
<kw name="Evaluate" owner="BuiltIn">
<msg time="2024-10-18T14:00:31.856885" level="INFO">${options} = &lt;selenium.webdriver.edge.options.Options object at 0x000001B8AD6012B0&gt;</msg>
<var>${options}</var>
<arg>sys.modules['selenium.webdriver'].EdgeOptions()</arg>
<arg>sys, selenium.webdriver</arg>
<doc>Evaluates the given expression in Python and returns the result.</doc>
<status status="PASS" start="2024-10-18T14:00:31.855948" elapsed="0.001058"/>
</kw>
<kw name="Create Webdriver" owner="SeleniumLibrary">
<msg time="2024-10-18T14:00:31.858347" level="INFO">Creating an instance of the Chrome WebDriver.</msg>
<arg>${browser}</arg>
<arg>options=${options}</arg>
<doc>Creates an instance of Selenium WebDriver.</doc>
<status status="PASS" start="2024-10-18T14:00:31.857591" elapsed="10.245955"/>
</kw>
<kw name="Maximize Browser Window" owner="SeleniumLibrary">
<doc>Maximizes current browser window.</doc>
<status status="PASS" start="2024-10-18T14:00:42.105786" elapsed="0.448960"/>
</kw>
<kw name="Go To" owner="SeleniumLibrary">
<msg time="2024-10-18T14:00:42.555688" level="INFO">Opening url 'http://savannahinformatics.great-site.net/'</msg>
<arg>${site_url}</arg>
<doc>Navigates the current browser window to the provided ``url``.</doc>
<status status="PASS" start="2024-10-18T14:00:42.555123" elapsed="3.202990"/>
</kw>
<status status="PASS" start="2024-10-18T14:00:31.853826" elapsed="13.904608"/>
</kw>
<status status="PASS" start="2024-10-18T14:00:31.852709" elapsed="13.905910"/>
</kw>
<kw name="When user enters test as user" owner="keywords" source_name="user enters ${credentials} as ${credentialsfield}">
<kw name="enters field ${credentialsfield} enter ${credentials}" owner="Common" source_name="enters field ${credentialsfield} enter ${credentials}">
<kw name="Input Text" owner="SeleniumLibrary">
<msg time="2024-10-18T14:00:45.761914" level="INFO">Typing text 'test' into text field '//input[@*='user']|//textarea[@*='user']|//select[@*='user']|//select[@id='user']'.</msg>
<arg>//input[@*='${credentialsfield}']|//textarea[@*='${credentialsfield}']|//select[@*='${credentialsfield}']|//select[@id='${credentialsfield}']</arg>
<arg>${credentials}</arg>
<doc>Types the given ``text`` into the text field identified by ``locator``.</doc>
<status status="PASS" start="2024-10-18T14:00:45.760825" elapsed="0.287344"/>
</kw>
<status status="PASS" start="2024-10-18T14:00:45.759968" elapsed="0.288480"/>
</kw>
<tag>Login</tag>
<status status="PASS" start="2024-10-18T14:00:45.759077" elapsed="0.289566"/>
</kw>
<kw name="And user enters 1234 as pass" owner="keywords" source_name="user enters ${credentials} as ${credentialsfield}">
<kw name="enters field ${credentialsfield} enter ${credentials}" owner="Common" source_name="enters field ${credentialsfield} enter ${credentials}">
<kw name="Input Text" owner="SeleniumLibrary">
<msg time="2024-10-18T14:00:46.052363" level="INFO">Typing text '1234' into text field '//input[@*='pass']|//textarea[@*='pass']|//select[@*='pass']|//select[@id='pass']'.</msg>
<arg>//input[@*='${credentialsfield}']|//textarea[@*='${credentialsfield}']|//select[@*='${credentialsfield}']|//select[@id='${credentialsfield}']</arg>
<arg>${credentials}</arg>
<doc>Types the given ``text`` into the text field identified by ``locator``.</doc>
<status status="PASS" start="2024-10-18T14:00:46.051339" elapsed="0.275605"/>
</kw>
<status status="PASS" start="2024-10-18T14:00:46.050157" elapsed="0.277079"/>
</kw>
<tag>Login</tag>
<status status="PASS" start="2024-10-18T14:00:46.049185" elapsed="0.278226"/>
</kw>
<kw name="And user clicks button submit" owner="keywords" source_name="user clicks button ${buttonName}">
<kw name="click button ${buttonName}" owner="Common" source_name="click button ${buttonName}">
<kw name="Click Element" owner="SeleniumLibrary">
<msg time="2024-10-18T14:00:46.330567" level="INFO">Clicking element '//a[text()='submit']|//button[@*='submit']|//a[normalize-space()='submit']|//input[@*='submit']|//button[text()='submit']|//span[normalize-space()='submit']|//div[@*='submit']'.</msg>
<arg>//a[text()='${buttonName}']|//button[@*='${buttonName}']|//a[normalize-space()='${buttonName}']|//input[@*='${buttonName}']|//button[text()='${buttonName}']|//span[normalize-space()='${buttonName}']|//div[@*='${buttonName}']</arg>
<doc>Click the element identified by ``locator``.</doc>
<status status="PASS" start="2024-10-18T14:00:46.329647" elapsed="3.022739"/>
</kw>
<status status="PASS" start="2024-10-18T14:00:46.328712" elapsed="3.023937"/>
</kw>
<status status="PASS" start="2024-10-18T14:00:46.327824" elapsed="3.025887"/>
</kw>
<kw name="And user waits for 5sec" owner="keywords" source_name="user waits for ${time}">
<kw name="wait seconds ${time}" owner="Common" source_name="wait seconds ${time}">
<kw name="Sleep" owner="BuiltIn">
<msg time="2024-10-18T14:00:54.358214" level="INFO">Slept 5 seconds.</msg>
<arg>${time}</arg>
<doc>Pauses the test executed for the given time.</doc>
<status status="PASS" start="2024-10-18T14:00:49.356975" elapsed="5.001451"/>
</kw>
<status status="PASS" start="2024-10-18T14:00:49.356006" elapsed="5.002786"/>
</kw>
<status status="PASS" start="2024-10-18T14:00:49.354601" elapsed="5.004414"/>
</kw>
<kw name="Then verify data exists Invalid Username and Password Combination" owner="keywords" source_name="verify data exists ${data}">
<kw name="verify exists ${data}" owner="Common" source_name="verify exists ${data}">
<kw name="Page Should Contain Element" owner="SeleniumLibrary">
<msg time="2024-10-18T14:00:55.456944" level="INFO" html="true">&lt;/td&gt;&lt;/tr&gt;&lt;tr&gt;&lt;td colspan="3"&gt;&lt;a href="selenium-screenshot-1.png"&gt;&lt;img src="selenium-screenshot-1.png" width="800px"&gt;&lt;/a&gt;</msg>
<msg time="2024-10-18T14:00:55.457267" level="FAIL">Page should have contained element '//span[normalize-space()="Invalid Username and Password Combination"]|//*[text()="Invalid Username and Password Combination"]' but did not.</msg>
<arg>//span[normalize-space()="${data}"]|//*[text()="${data}"]</arg>
<doc>Verifies that element ``locator`` is found on the current page.</doc>
<status status="FAIL" start="2024-10-18T14:00:54.360945" elapsed="1.101923">Page should have contained element '//span[normalize-space()="Invalid Username and Password Combination"]|//*[text()="Invalid Username and Password Combination"]' but did not.</status>
</kw>
<status status="FAIL" start="2024-10-18T14:00:54.360216" elapsed="1.103407">Page should have contained element '//span[normalize-space()="Invalid Username and Password Combination"]|//*[text()="Invalid Username and Password Combination"]' but did not.</status>
</kw>
<status status="FAIL" start="2024-10-18T14:00:54.359427" elapsed="1.104567">Page should have contained element '//span[normalize-space()="Invalid Username and Password Combination"]|//*[text()="Invalid Username and Password Combination"]' but did not.</status>
</kw>
<status status="FAIL" start="2024-10-18T14:00:31.851178" elapsed="23.613321">Page should have contained element '//span[normalize-space()="Invalid Username and Password Combination"]|//*[text()="Invalid Username and Password Combination"]' but did not.</status>
</test>
<doc>Login Feature</doc>
<status status="FAIL" start="2024-10-18T14:00:31.115992" elapsed="24.350439"/>
</suite>
<status status="FAIL" start="2024-10-18T14:00:31.036226" elapsed="24.431274"/>
</suite>
<statistics>
<total>
<stat pass="0" fail="1" skip="0">All Tests</stat>
</total>
<tag>
</tag>
<suite>
<stat pass="0" fail="1" skip="0" id="s1" name="InformaticsAutomation">InformaticsAutomation</stat>
<stat pass="0" fail="1" skip="0" id="s1-s1" name="Unsuccessful login">InformaticsAutomation.Unsuccessful login</stat>
</suite>
</statistics>
<errors>
</errors>
</robot>
