<?xml version="1.0" encoding="UTF-8"?>
<robot generator="Robot 7.1 (Python 3.13.0 on win32)" generated="2024-10-18T14:00:30.471481" rpa="false" schemaversion="5">
<suite id="s1" name="InformaticsAutomation" source="C:\python-selenium\Robot-TestAtomation\InformaticsAutomation">
<suite id="s1-s1" name="Search functionality" source="C:\python-selenium\Robot-TestAtomation\InformaticsAutomation\Search_functionality.robot">
<test id="s1-s1-t1" name="User Searches a product successfully" line="8">
<kw name="Given user opens Chrome browser with URL ${search_url}" owner="keywords" source_name="user opens ${browser} browser with URL ${site_url}">
<kw name="open normal browser ${site_url} ${browser}" owner="Common" source_name="Open normal Browser ${site_url} ${browser}">
<kw name="Evaluate" owner="BuiltIn">
<msg time="2024-10-18T14:00:31.696912" level="INFO">${options} = &lt;selenium.webdriver.edge.options.Options object at 0x000001E2ECAD12B0&gt;</msg>
<var>${options}</var>
<arg>sys.modules['selenium.webdriver'].EdgeOptions()</arg>
<arg>sys, selenium.webdriver</arg>
<doc>Evaluates the given expression in Python and returns the result.</doc>
<status status="PASS" start="2024-10-18T14:00:31.696095" elapsed="0.000921"/>
</kw>
<kw name="Create Webdriver" owner="SeleniumLibrary">
<msg time="2024-10-18T14:00:31.698049" level="INFO">Creating an instance of the Chrome WebDriver.</msg>
<arg>${browser}</arg>
<arg>options=${options}</arg>
<doc>Creates an instance of Selenium WebDriver.</doc>
<status status="PASS" start="2024-10-18T14:00:31.697439" elapsed="4.187645"/>
</kw>
<kw name="Maximize Browser Window" owner="SeleniumLibrary">
<doc>Maximizes current browser window.</doc>
<status status="PASS" start="2024-10-18T14:00:35.885699" elapsed="0.150093"/>
</kw>
<kw name="Go To" owner="SeleniumLibrary">
<msg time="2024-10-18T14:00:36.036730" level="INFO">Opening url 'https://automationexercise.com/products'</msg>
<arg>${site_url}</arg>
<doc>Navigates the current browser window to the provided ``url``.</doc>
<status status="PASS" start="2024-10-18T14:00:36.036180" elapsed="11.221428"/>
</kw>
<status status="PASS" start="2024-10-18T14:00:31.694208" elapsed="15.563725"/>
</kw>
<status status="PASS" start="2024-10-18T14:00:31.693018" elapsed="15.565177"/>
</kw>
<kw name="And user waits for 10sec" owner="keywords" source_name="user waits for ${time}">
<kw name="wait seconds ${time}" owner="Common" source_name="wait seconds ${time}">
<kw name="Sleep" owner="BuiltIn">
<msg time="2024-10-18T14:00:57.262123" level="INFO">Slept 10 seconds.</msg>
<arg>${time}</arg>
<doc>Pauses the test executed for the given time.</doc>
<status status="PASS" start="2024-10-18T14:00:47.260812" elapsed="10.001567"/>
</kw>
<status status="PASS" start="2024-10-18T14:00:47.259761" elapsed="10.002902"/>
</kw>
<status status="PASS" start="2024-10-18T14:00:47.258695" elapsed="10.004167"/>
</kw>
<kw name="And user enters Blue Top as search" owner="keywords" source_name="user enters ${credentials} as ${credentialsfield}">
<kw name="enters field ${credentialsfield} enter ${credentials}" owner="Common" source_name="enters field ${credentialsfield} enter ${credentials}">
<kw name="Input Text" owner="SeleniumLibrary">
<msg time="2024-10-18T14:00:57.266776" level="INFO">Typing text 'Blue Top' into text field '//input[@*='search']|//textarea[@*='search']|//select[@*='search']|//select[@id='search']'.</msg>
<arg>//input[@*='${credentialsfield}']|//textarea[@*='${credentialsfield}']|//select[@*='${credentialsfield}']|//select[@id='${credentialsfield}']</arg>
<arg>${credentials}</arg>
<doc>Types the given ``text`` into the text field identified by ``locator``.</doc>
<status status="PASS" start="2024-10-18T14:00:57.265557" elapsed="0.279184"/>
</kw>
<status status="PASS" start="2024-10-18T14:00:57.264496" elapsed="0.280595"/>
</kw>
<tag>Login</tag>
<status status="PASS" start="2024-10-18T14:00:57.263410" elapsed="0.281873"/>
</kw>
<kw name="And user waits for 10sec" owner="keywords" source_name="user waits for ${time}">
<kw name="wait seconds ${time}" owner="Common" source_name="wait seconds ${time}">
<kw name="Sleep" owner="BuiltIn">
<msg time="2024-10-18T14:01:07.548885" level="INFO">Slept 10 seconds.</msg>
<arg>${time}</arg>
<doc>Pauses the test executed for the given time.</doc>
<status status="PASS" start="2024-10-18T14:00:57.547584" elapsed="10.001481"/>
</kw>
<status status="PASS" start="2024-10-18T14:00:57.546683" elapsed="10.002536"/>
</kw>
<status status="PASS" start="2024-10-18T14:00:57.545715" elapsed="10.003651"/>
</kw>
<kw name="And user clicks button submit_search" owner="keywords" source_name="user clicks button ${buttonName}">
<kw name="click button ${buttonName}" owner="Common" source_name="click button ${buttonName}">
<kw name="Click Element" owner="SeleniumLibrary">
<msg time="2024-10-18T14:01:07.553283" level="INFO">Clicking element '//a[text()='submit_search']|//button[@*='submit_search']|//a[normalize-space()='submit_search']|//input[@*='submit_search']|//button[text()='submit_search']|//span[normalize-space()='submit_search']|//div[@*='submit_search']'.</msg>
<arg>//a[text()='${buttonName}']|//button[@*='${buttonName}']|//a[normalize-space()='${buttonName}']|//input[@*='${buttonName}']|//button[text()='${buttonName}']|//span[normalize-space()='${buttonName}']|//div[@*='${buttonName}']</arg>
<doc>Click the element identified by ``locator``.</doc>
<status status="PASS" start="2024-10-18T14:01:07.551928" elapsed="3.006131"/>
</kw>
<status status="PASS" start="2024-10-18T14:01:07.550827" elapsed="3.007591"/>
</kw>
<status status="PASS" start="2024-10-18T14:01:07.549755" elapsed="3.008907"/>
</kw>
<kw name="And user waits for 10sec" owner="keywords" source_name="user waits for ${time}">
<kw name="wait seconds ${time}" owner="Common" source_name="wait seconds ${time}">
<kw name="Sleep" owner="BuiltIn">
<msg time="2024-10-18T14:01:20.561911" level="INFO">Slept 10 seconds.</msg>
<arg>${time}</arg>
<doc>Pauses the test executed for the given time.</doc>
<status status="PASS" start="2024-10-18T14:01:10.561128" elapsed="10.000948"/>
</kw>
<status status="PASS" start="2024-10-18T14:01:10.560194" elapsed="10.002047"/>
</kw>
<status status="PASS" start="2024-10-18T14:01:10.559216" elapsed="10.003141"/>
</kw>
<kw name="And verify data exists Blue Top" owner="keywords" source_name="verify data exists ${data}">
<kw name="verify exists ${data}" owner="Common" source_name="verify exists ${data}">
<kw name="Page Should Contain Element" owner="SeleniumLibrary">
<msg time="2024-10-18T14:01:20.584965" level="INFO">Current page contains element '//span[normalize-space()="Blue Top"]|//*[text()="Blue Top"]'.</msg>
<arg>//span[normalize-space()="${data}"]|//*[text()="${data}"]</arg>
<doc>Verifies that element ``locator`` is found on the current page.</doc>
<status status="PASS" start="2024-10-18T14:01:20.563864" elapsed="0.021238"/>
</kw>
<status status="PASS" start="2024-10-18T14:01:20.563312" elapsed="0.021923"/>
</kw>
<status status="PASS" start="2024-10-18T14:01:20.562677" elapsed="0.022648"/>
</kw>
<kw name="Then user waits until Blue Top is visible" owner="keywords" source_name="user waits until ${Text} is visible">
<kw name="wait for visibility ${Text}" owner="Common" source_name="wait for visibility ${Text}">
<kw name="Wait Until Page Contains Element" owner="SeleniumLibrary">
<arg>//*[text()='${Text}']|//*[normalize-space()='${Text}']|//*[@id='${Text}']|//i[@class='${Text}']</arg>
<arg>100</arg>
<arg>none</arg>
<doc>Waits until the element ``locator`` appears on the current page.</doc>
<status status="PASS" start="2024-10-18T14:01:20.587539" elapsed="0.021379"/>
</kw>
<status status="PASS" start="2024-10-18T14:01:20.586481" elapsed="0.022709"/>
</kw>
<status status="PASS" start="2024-10-18T14:01:20.585551" elapsed="0.023835"/>
</kw>
<status status="PASS" start="2024-10-18T14:00:31.691321" elapsed="48.918383"/>
</test>
<doc>Login Feature</doc>
<status status="PASS" start="2024-10-18T14:00:30.764439" elapsed="49.846478"/>
</suite>
<status status="PASS" start="2024-10-18T14:00:30.714690" elapsed="49.900354"/>
</suite>
<statistics>
<total>
<stat pass="1" fail="0" skip="0">All Tests</stat>
</total>
<tag>
</tag>
<suite>
<stat pass="1" fail="0" skip="0" id="s1" name="InformaticsAutomation">InformaticsAutomation</stat>
<stat pass="1" fail="0" skip="0" id="s1-s1" name="Search functionality">InformaticsAutomation.Search functionality</stat>
</suite>
</statistics>
<errors>
</errors>
</robot>
